Build started 10/2/2013 11:01:15 AM.
     1>Project "C:\Users\Owner\Documents\Visual Studio 2010\Projects\Lab 4\Lab 4\Lab 4.vcxproj" on node 2 (build target(s)).
     1>InitializeBuildStatus:
         Touching "Debug\Lab 4.unsuccessfulbuild".
       ClCompile:
         c:\Program Files (x86)\Microsoft Visual Studio 10.0\VC\bin\CL.exe /c /ZI /nologo /W3 /WX- /Od /Oy- /D _MBCS /Gm /EHsc /RTC1 /MDd /GS /fp:precise /Zc:wchar_t /Zc:forScope /Fo"Debug\\" /Fd"Debug\vc100.pdb" /Gd /TP /analyze- /errorReport:prompt "Lab 4.cpp"
         Lab 4.cpp
     1>c:\users\owner\documents\visual studio 2010\projects\lab 4\lab 4\lab 4.cpp(18): warning C4244: 'argument' : conversion from 'time_t' to 'unsigned int', possible loss of data
     1>c:\users\owner\documents\visual studio 2010\projects\lab 4\lab 4\lab 4.cpp(231): warning C4244: 'initializing' : conversion from 'double' to 'int', possible loss of data
       Link:
         c:\Program Files (x86)\Microsoft Visual Studio 10.0\VC\bin\link.exe /ERRORREPORT:PROMPT /OUT:"C:\Users\Owner\Documents\Visual Studio 2010\Projects\Lab 4\Debug\Lab 4.exe" /NOLOGO kernel32.lib user32.lib gdi32.lib winspool.lib comdlg32.lib advapi32.lib shell32.lib ole32.lib oleaut32.lib uuid.lib odbc32.lib odbccp32.lib /MANIFEST /ManifestFile:"Debug\Lab 4.exe.intermediate.manifest" /MANIFESTUAC:"level='asInvoker' uiAccess='false'" /DEBUG /PDB:"C:\Users\Owner\Documents\Visual Studio 2010\Projects\Lab 4\Debug\Lab 4.pdb" /TLBID:1 /DYNAMICBASE /NXCOMPAT /IMPLIB:"C:\Users\Owner\Documents\Visual Studio 2010\Projects\Lab 4\Debug\Lab 4.lib" /MACHINE:X86 "Debug\Lab 4.obj"
         LINK : C:\Users\Owner\Documents\Visual Studio 2010\Projects\Lab 4\Debug\Lab 4.exe not found or not built by the last incremental link; performing full link
         Lab 4.vcxproj -> C:\Users\Owner\Documents\Visual Studio 2010\Projects\Lab 4\Debug\Lab 4.exe
       Manifest:
         C:\Program Files (x86)\Microsoft SDKs\Windows\v7.0A\bin\mt.exe /nologo /verbose /outputresource:"C:\Users\Owner\Documents\Visual Studio 2010\Projects\Lab 4\Debug\Lab 4.exe;#1" /manifest "Debug\Lab 4.exe.intermediate.manifest"
       FinalizeBuildStatus:
         Deleting file "Debug\Lab 4.unsuccessfulbuild".
         Touching "Debug\Lab 4.lastbuildstate".
     1>Done Building Project "C:\Users\Owner\Documents\Visual Studio 2010\Projects\Lab 4\Lab 4\Lab 4.vcxproj" (build target(s)).

Build succeeded.

Time Elapsed 00:00:00.86
