Build started 11/11/2013 10:37:44 AM.
     1>Project "C:\Users\Owner\Documents\Visual Studio 2010\Projects\Midterm 2\Midterm 2\Midterm 2.vcxproj" on node 2 (build target(s)).
     1>InitializeBuildStatus:
         Creating "Debug\Midterm 2.unsuccessfulbuild" because "AlwaysCreate" was specified.
       ClCompile:
         c:\Program Files (x86)\Microsoft Visual Studio 10.0\VC\bin\CL.exe /c /ZI /nologo /W3 /WX- /Od /Oy- /D _MBCS /Gm /EHsc /RTC1 /MDd /GS /fp:precise /Zc:wchar_t /Zc:forScope /Fo"Debug\\" /Fd"Debug\vc100.pdb" /Gd /TP /analyze- /errorReport:prompt "Midterm 2.cpp"
         Midterm 2.cpp
     1>c:\users\owner\documents\visual studio 2010\projects\midterm 2\midterm 2\midterm 2.cpp(91): warning C4018: '<' : signed/unsigned mismatch
     1>c:\users\owner\documents\visual studio 2010\projects\midterm 2\midterm 2\midterm 2.cpp(101): warning C4018: '<' : signed/unsigned mismatch
       Link:
         c:\Program Files (x86)\Microsoft Visual Studio 10.0\VC\bin\link.exe /ERRORREPORT:PROMPT /OUT:"C:\Users\Owner\Documents\Visual Studio 2010\Projects\Midterm 2\Debug\Midterm 2.exe" /NOLOGO kernel32.lib user32.lib gdi32.lib winspool.lib comdlg32.lib advapi32.lib shell32.lib ole32.lib oleaut32.lib uuid.lib odbc32.lib odbccp32.lib /MANIFEST /ManifestFile:"Debug\Midterm 2.exe.intermediate.manifest" /MANIFESTUAC:"level='asInvoker' uiAccess='false'" /DEBUG /PDB:"C:\Users\Owner\Documents\Visual Studio 2010\Projects\Midterm 2\Debug\Midterm 2.pdb" /TLBID:1 /DYNAMICBASE /NXCOMPAT /IMPLIB:"C:\Users\Owner\Documents\Visual Studio 2010\Projects\Midterm 2\Debug\Midterm 2.lib" /MACHINE:X86 "Debug\Midterm 2.obj"
         LINK : C:\Users\Owner\Documents\Visual Studio 2010\Projects\Midterm 2\Debug\Midterm 2.exe not found or not built by the last incremental link; performing full link
         Midterm 2.vcxproj -> C:\Users\Owner\Documents\Visual Studio 2010\Projects\Midterm 2\Debug\Midterm 2.exe
       Manifest:
         C:\Program Files (x86)\Microsoft SDKs\Windows\v7.0A\bin\mt.exe /nologo /verbose /outputresource:"C:\Users\Owner\Documents\Visual Studio 2010\Projects\Midterm 2\Debug\Midterm 2.exe;#1" /manifest "Debug\Midterm 2.exe.intermediate.manifest"
       FinalizeBuildStatus:
         Deleting file "Debug\Midterm 2.unsuccessfulbuild".
         Touching "Debug\Midterm 2.lastbuildstate".
     1>Done Building Project "C:\Users\Owner\Documents\Visual Studio 2010\Projects\Midterm 2\Midterm 2\Midterm 2.vcxproj" (build target(s)).

Build succeeded.

Time Elapsed 00:00:03.80
