Build started 10/9/2013 1:18:51 PM.
     1>Project "C:\Users\Owner\Documents\Visual Studio 2010\Projects\Lab 5\Lab 5\Lab 5.vcxproj" on node 2 (build target(s)).
     1>InitializeBuildStatus:
         Creating "Debug\Lab 5.unsuccessfulbuild" because "AlwaysCreate" was specified.
       ClCompile:
         c:\Program Files (x86)\Microsoft Visual Studio 10.0\VC\bin\CL.exe /c /ZI /nologo /W3 /WX- /Od /Oy- /D _MBCS /Gm /EHsc /RTC1 /MDd /GS /fp:precise /Zc:wchar_t /Zc:forScope /Fo"Debug\\" /Fd"Debug\vc100.pdb" /Gd /TP /analyze- /errorReport:prompt "Lab 5.cpp"
         Lab 5.cpp
     1>c:\users\owner\documents\visual studio 2010\projects\lab 5\lab 5\lab 5.cpp(85): warning C4244: 'argument' : conversion from 'time_t' to 'unsigned int', possible loss of data
     1>c:\users\owner\documents\visual studio 2010\projects\lab 5\lab 5\lab 5.cpp(265): warning C4244: '=' : conversion from 'double' to 'int', possible loss of data
       Link:
         c:\Program Files (x86)\Microsoft Visual Studio 10.0\VC\bin\link.exe /ERRORREPORT:PROMPT /OUT:"C:\Users\Owner\Documents\Visual Studio 2010\Projects\Lab 5\Debug\Lab 5.exe" /NOLOGO kernel32.lib user32.lib gdi32.lib winspool.lib comdlg32.lib advapi32.lib shell32.lib ole32.lib oleaut32.lib uuid.lib odbc32.lib odbccp32.lib /MANIFEST /ManifestFile:"Debug\Lab 5.exe.intermediate.manifest" /MANIFESTUAC:"level='asInvoker' uiAccess='false'" /DEBUG /PDB:"C:\Users\Owner\Documents\Visual Studio 2010\Projects\Lab 5\Debug\Lab 5.pdb" /TLBID:1 /DYNAMICBASE /NXCOMPAT /IMPLIB:"C:\Users\Owner\Documents\Visual Studio 2010\Projects\Lab 5\Debug\Lab 5.lib" /MACHINE:X86 "Debug\Lab 5.obj"
         LINK : C:\Users\Owner\Documents\Visual Studio 2010\Projects\Lab 5\Debug\Lab 5.exe not found or not built by the last incremental link; performing full link
         Lab 5.vcxproj -> C:\Users\Owner\Documents\Visual Studio 2010\Projects\Lab 5\Debug\Lab 5.exe
       Manifest:
         C:\Program Files (x86)\Microsoft SDKs\Windows\v7.0A\bin\mt.exe /nologo /verbose /outputresource:"C:\Users\Owner\Documents\Visual Studio 2010\Projects\Lab 5\Debug\Lab 5.exe;#1" /manifest "Debug\Lab 5.exe.intermediate.manifest"
       FinalizeBuildStatus:
         Deleting file "Debug\Lab 5.unsuccessfulbuild".
         Touching "Debug\Lab 5.lastbuildstate".
     1>Done Building Project "C:\Users\Owner\Documents\Visual Studio 2010\Projects\Lab 5\Lab 5\Lab 5.vcxproj" (build target(s)).

Build succeeded.

Time Elapsed 00:00:01.16
