Build started 9/24/2013 6:57:58 PM.
     1>Project "C:\Users\Owner\Documents\Visual Studio 2010\Projects\Lab 3\Lab 3\Lab 3.vcxproj" on node 2 (build target(s)).
     1>InitializeBuildStatus:
         Creating "Debug\Lab 3.unsuccessfulbuild" because "AlwaysCreate" was specified.
       ClCompile:
         c:\Program Files (x86)\Microsoft Visual Studio 10.0\VC\bin\CL.exe /c /ZI /nologo /W3 /WX- /Od /Oy- /D _MBCS /Gm /EHsc /RTC1 /MDd /GS /fp:precise /Zc:wchar_t /Zc:forScope /Fo"Debug\\" /Fd"Debug\vc100.pdb" /Gd /TP /analyze- /errorReport:prompt "Extra Credit.cpp" "Lab 3.cpp"
         Lab 3.cpp
     1>c:\users\owner\documents\visual studio 2010\projects\lab 3\lab 3\lab 3.cpp(163): warning C4102: 'label1' : unreferenced label
     1>c:\users\owner\documents\visual studio 2010\projects\lab 3\lab 3\lab 3.cpp(74): warning C4101: 'totalcost' : unreferenced local variable
     1>c:\users\owner\documents\visual studio 2010\projects\lab 3\lab 3\lab 3.cpp(73): warning C4101: 'gasconsumption' : unreferenced local variable
         Extra Credit.cpp
     1>c:\users\owner\documents\visual studio 2010\projects\lab 3\lab 3\extra credit.cpp(62): warning C4102: 'label1' : unreferenced label
     1>c:\users\owner\documents\visual studio 2010\projects\lab 3\lab 3\extra credit.cpp(16): warning C4101: 'totalcost' : unreferenced local variable
     1>c:\users\owner\documents\visual studio 2010\projects\lab 3\lab 3\extra credit.cpp(15): warning C4101: 'gasconsumption' : unreferenced local variable
         Generating Code...
       Link:
         c:\Program Files (x86)\Microsoft Visual Studio 10.0\VC\bin\link.exe /ERRORREPORT:PROMPT /OUT:"C:\Users\Owner\Documents\Visual Studio 2010\Projects\Lab 3\Debug\Lab 3.exe" /NOLOGO kernel32.lib user32.lib gdi32.lib winspool.lib comdlg32.lib advapi32.lib shell32.lib ole32.lib oleaut32.lib uuid.lib odbc32.lib odbccp32.lib /MANIFEST /ManifestFile:"Debug\Lab 3.exe.intermediate.manifest" /MANIFESTUAC:"level='asInvoker' uiAccess='false'" /DEBUG /PDB:"C:\Users\Owner\Documents\Visual Studio 2010\Projects\Lab 3\Debug\Lab 3.pdb" /TLBID:1 /DYNAMICBASE /NXCOMPAT /IMPLIB:"C:\Users\Owner\Documents\Visual Studio 2010\Projects\Lab 3\Debug\Lab 3.lib" /MACHINE:X86 "Debug\Extra Credit.obj"
         "Debug\Lab 3.obj"
         LINK : C:\Users\Owner\Documents\Visual Studio 2010\Projects\Lab 3\Debug\Lab 3.exe not found or not built by the last incremental link; performing full link
         Lab 3.vcxproj -> C:\Users\Owner\Documents\Visual Studio 2010\Projects\Lab 3\Debug\Lab 3.exe
       Manifest:
         C:\Program Files (x86)\Microsoft SDKs\Windows\v7.0A\bin\mt.exe /nologo /verbose /outputresource:"C:\Users\Owner\Documents\Visual Studio 2010\Projects\Lab 3\Debug\Lab 3.exe;#1" /manifest "Debug\Lab 3.exe.intermediate.manifest"
       FinalizeBuildStatus:
         Deleting file "Debug\Lab 3.unsuccessfulbuild".
         Touching "Debug\Lab 3.lastbuildstate".
     1>Done Building Project "C:\Users\Owner\Documents\Visual Studio 2010\Projects\Lab 3\Lab 3\Lab 3.vcxproj" (build target(s)).

Build succeeded.

Time Elapsed 00:00:01.78
