Build started 11/12/2013 2:47:33 PM.
     1>Project "c:\Users\Owner\documents\visual studio 2010\Projects\Objects\Objects\Objects.vcxproj" on node 2 (build target(s)).
     1>PrepareForBuild:
         Creating directory "c:\users\owner\documents\visual studio 2010\Projects\Objects\Debug\".
       InitializeBuildStatus:
         Creating "Debug\Objects.unsuccessfulbuild" because "AlwaysCreate" was specified.
       ClCompile:
         c:\Program Files (x86)\Microsoft Visual Studio 10.0\VC\bin\CL.exe /c /ZI /nologo /W3 /WX- /Od /Oy- /D _MBCS /Gm /EHsc /RTC1 /MDd /GS /fp:precise /Zc:wchar_t /Zc:forScope /Fo"Debug\\" /Fd"Debug\vc100.pdb" /Gd /TP /analyze- /errorReport:prompt Objects.cpp
         Objects.cpp
     1>c:\users\owner\documents\visual studio 2010\projects\objects\objects\objects.cpp(83): warning C4018: '<' : signed/unsigned mismatch
     1>c:\users\owner\documents\visual studio 2010\projects\objects\objects\objects.cpp(99): warning C4018: '<' : signed/unsigned mismatch
       Link:
         c:\Program Files (x86)\Microsoft Visual Studio 10.0\VC\bin\link.exe /ERRORREPORT:PROMPT /OUT:"c:\users\owner\documents\visual studio 2010\Projects\Objects\Debug\Objects.exe" /NOLOGO kernel32.lib user32.lib gdi32.lib winspool.lib comdlg32.lib advapi32.lib shell32.lib ole32.lib oleaut32.lib uuid.lib odbc32.lib odbccp32.lib /MANIFEST /ManifestFile:"Debug\Objects.exe.intermediate.manifest" /MANIFESTUAC:"level='asInvoker' uiAccess='false'" /DEBUG /PDB:"c:\users\owner\documents\visual studio 2010\Projects\Objects\Debug\Objects.pdb" /TLBID:1 /DYNAMICBASE /NXCOMPAT /IMPLIB:"c:\users\owner\documents\visual studio 2010\Projects\Objects\Debug\Objects.lib" /MACHINE:X86 Debug\Objects.obj
         Objects.vcxproj -> c:\users\owner\documents\visual studio 2010\Projects\Objects\Debug\Objects.exe
       Manifest:
         C:\Program Files (x86)\Microsoft SDKs\Windows\v7.0A\bin\mt.exe /nologo /verbose /outputresource:"c:\users\owner\documents\visual studio 2010\Projects\Objects\Debug\Objects.exe;#1" /manifest Debug\Objects.exe.intermediate.manifest
       FinalizeBuildStatus:
         Deleting file "Debug\Objects.unsuccessfulbuild".
         Touching "Debug\Objects.lastbuildstate".
     1>Done Building Project "c:\Users\Owner\documents\visual studio 2010\Projects\Objects\Objects\Objects.vcxproj" (build target(s)).

Build succeeded.

Time Elapsed 00:00:03.21
