Build started 11/21/2013 1:54:47 PM.
     1>Project "c:\Users\Owner\documents\visual studio 2010\Projects\More classes\More classes\More classes.vcxproj" on node 2 (build target(s)).
     1>PrepareForBuild:
         Creating directory "c:\users\owner\documents\visual studio 2010\Projects\More classes\Debug\".
       InitializeBuildStatus:
         Creating "Debug\More classes.unsuccessfulbuild" because "AlwaysCreate" was specified.
       ClCompile:
         c:\Program Files (x86)\Microsoft Visual Studio 10.0\VC\bin\CL.exe /c /ZI /nologo /W3 /WX- /Od /Oy- /D _MBCS /Gm /EHsc /RTC1 /MDd /GS /fp:precise /Zc:wchar_t /Zc:forScope /Fo"Debug\\" /Fd"Debug\vc100.pdb" /Gd /TP /analyze- /errorReport:prompt Animal.cpp Cat.cpp Dog.cpp House.cpp "More classes.cpp"
         More classes.cpp
         House.cpp
         Dog.cpp
         Cat.cpp
         Animal.cpp
         Generating Code...
       Link:
         c:\Program Files (x86)\Microsoft Visual Studio 10.0\VC\bin\link.exe /ERRORREPORT:PROMPT /OUT:"c:\users\owner\documents\visual studio 2010\Projects\More classes\Debug\More classes.exe" /NOLOGO kernel32.lib user32.lib gdi32.lib winspool.lib comdlg32.lib advapi32.lib shell32.lib ole32.lib oleaut32.lib uuid.lib odbc32.lib odbccp32.lib /MANIFEST /ManifestFile:"Debug\More classes.exe.intermediate.manifest" /MANIFESTUAC:"level='asInvoker' uiAccess='false'" /DEBUG /PDB:"c:\users\owner\documents\visual studio 2010\Projects\More classes\Debug\More classes.pdb" /TLBID:1 /DYNAMICBASE /NXCOMPAT /IMPLIB:"c:\users\owner\documents\visual studio 2010\Projects\More classes\Debug\More classes.lib" /MACHINE:X86 Debug\Animal.obj
         Debug\Cat.obj
         Debug\Dog.obj
         Debug\House.obj
         "Debug\More classes.obj"
         More classes.vcxproj -> c:\users\owner\documents\visual studio 2010\Projects\More classes\Debug\More classes.exe
       Manifest:
         C:\Program Files (x86)\Microsoft SDKs\Windows\v7.0A\bin\mt.exe /nologo /verbose /outputresource:"c:\users\owner\documents\visual studio 2010\Projects\More classes\Debug\More classes.exe;#1" /manifest "Debug\More classes.exe.intermediate.manifest"
       FinalizeBuildStatus:
         Deleting file "Debug\More classes.unsuccessfulbuild".
         Touching "Debug\More classes.lastbuildstate".
     1>Done Building Project "c:\Users\Owner\documents\visual studio 2010\Projects\More classes\More classes\More classes.vcxproj" (build target(s)).

Build succeeded.

Time Elapsed 00:00:12.91
