Build started 9/5/2013 8:25:46 PM.
     1>Project "c:\Users\Owner\documents\visual studio 2010\Projects\Lab 1\Lab 1\Lab 1.vcxproj" on node 2 (build target(s)).
     1>InitializeBuildStatus:
         Creating "Debug\Lab 1.unsuccessfulbuild" because "AlwaysCreate" was specified.
       GenerateTargetFrameworkMonikerAttribute:
       Skipping target "GenerateTargetFrameworkMonikerAttribute" because all output files are up-to-date with respect to the input files.
       ClCompile:
         C:\Program Files (x86)\Microsoft Visual Studio 10.0\VC\bin\CL.exe /c /AI"C:\Program Files (x86)\Reference Assemblies\Microsoft\Framework\.NETFramework\v4.0" /Zi /clr /nologo /W3 /WX- /Od /Oy- /D WIN32 /D _DEBUG /D _UNICODE /D UNICODE /EHa /MDd /GS /fp:precise /Zc:wchar_t /Zc:forScope /Fo"Debug\\" /Fd"Debug\vc100.pdb" /TP /FU"C:\Program Files (x86)\Reference Assemblies\Microsoft\Framework\.NETFramework\v4.0\System.Core.dll" /analyze- /errorReport:prompt "Byu Questions.cpp" /clr:nostdlib 
         Byu Questions.cpp
         All outputs are up-to-date.
       Link:
         C:\Program Files (x86)\Microsoft Visual Studio 10.0\VC\bin\link.exe /ERRORREPORT:PROMPT /OUT:"c:\users\owner\documents\visual studio 2010\Projects\Lab 1\Debug\Lab 1.exe" /INCREMENTAL /NOLOGO /MANIFEST /ManifestFile:"Debug\Lab 1.exe.intermediate.manifest" /MANIFESTUAC:"level='asInvoker' uiAccess='false'" /DEBUG /PDB:"c:\users\owner\documents\visual studio 2010\Projects\Lab 1\Debug\Lab 1.pdb" /ASSEMBLYDEBUG /TLBID:1 /DYNAMICBASE /FIXED:NO /NXCOMPAT /MACHINE:X86 "Debug\Byu Questions.obj"
         "Debug\.NETFramework,Version=v4.0.AssemblyAttributes.obj"
         Lab 1.vcxproj -> c:\users\owner\documents\visual studio 2010\Projects\Lab 1\Debug\Lab 1.exe
       Manifest:
         C:\Program Files (x86)\Microsoft SDKs\Windows\v7.0A\bin\mt.exe /nologo /verbose /outputresource:"c:\users\owner\documents\visual studio 2010\Projects\Lab 1\Debug\Lab 1.exe;#1" /manifest "Debug\Lab 1.exe.intermediate.manifest"
       FinalizeBuildStatus:
         Deleting file "Debug\Lab 1.unsuccessfulbuild".
         Touching "Debug\Lab 1.lastbuildstate".
     1>Done Building Project "c:\Users\Owner\documents\visual studio 2010\Projects\Lab 1\Lab 1\Lab 1.vcxproj" (build target(s)).

Build succeeded.

Time Elapsed 00:00:01.32
