Build started 4/9/2014 12:51:29 PM.
     1>Project "C:\Users\Stephen\Documents\Visual Studio 2013\Projects\Lab7\Lab7\Lab7.vcxproj" on node 2 (Build target(s)).
     1>ClCompile:
         C:\Program Files (x86)\Microsoft Visual Studio 12.0\VC\bin\CL.exe /c /ZI /nologo /W3 /WX- /sdl /Od /Oy- /D _MBCS /Gm /EHsc /RTC1 /MDd /GS /fp:precise /Zc:wchar_t /Zc:forScope /Fo"Debug\\" /Fd"Debug\vc120.pdb" /Gd /TP /analyze- /errorReport:prompt HashSet.cpp
         HashSet.cpp
     1>c:\users\stephen\documents\visual studio 2013\projects\lab7\lab7\hashset.h(98): warning C4018: '<' : signed/unsigned mismatch
                 c:\users\stephen\documents\visual studio 2013\projects\lab7\lab7\hashset.h(94) : while compiling class template member function 'void HashSet<std::string>::print(std::ofstream &)'
                 c:\users\stephen\documents\visual studio 2013\projects\lab7\lab7\hashset.cpp(59) : see reference to function template instantiation 'void HashSet<std::string>::print(std::ofstream &)' being compiled
                 c:\users\stephen\documents\visual studio 2013\projects\lab7\lab7\hashset.cpp(21) : see reference to class template instantiation 'HashSet<std::string>' being compiled
     1>c:\users\stephen\documents\visual studio 2013\projects\lab7\lab7\hashset.h(182): warning C4018: '<' : signed/unsigned mismatch
                 c:\users\stephen\documents\visual studio 2013\projects\lab7\lab7\hashset.h(177) : while compiling class template member function 'void HashSet<std::string>::rehashitems(List<type> *&)'
                 with
                 [
                     type=std::string
                 ]
                 c:\users\stephen\documents\visual studio 2013\projects\lab7\lab7\hashset.h(151) : see reference to function template instantiation 'void HashSet<std::string>::rehashitems(List<type> *&)' being compiled
                 with
                 [
                     type=std::string
                 ]
     1>c:\users\stephen\documents\visual studio 2013\projects\lab7\lab7\hashset.h(203): warning C4018: '<' : signed/unsigned mismatch
                 c:\users\stephen\documents\visual studio 2013\projects\lab7\lab7\hashset.h(199) : while compiling class template member function 'void HashSet<std::string>::rehashitemssmaller(List<type> *&)'
                 with
                 [
                     type=std::string
                 ]
                 c:\users\stephen\documents\visual studio 2013\projects\lab7\lab7\hashset.h(170) : see reference to function template instantiation 'void HashSet<std::string>::rehashitemssmaller(List<type> *&)' being compiled
                 with
                 [
                     type=std::string
                 ]
       Link:
         C:\Program Files (x86)\Microsoft Visual Studio 12.0\VC\bin\link.exe /ERRORREPORT:PROMPT /OUT:"C:\Users\Stephen\Documents\Visual Studio 2013\Projects\Lab7\Debug\Lab7.exe" /INCREMENTAL /NOLOGO kernel32.lib user32.lib gdi32.lib winspool.lib comdlg32.lib advapi32.lib shell32.lib ole32.lib oleaut32.lib uuid.lib odbc32.lib odbccp32.lib /MANIFEST /MANIFESTUAC:"level='asInvoker' uiAccess='false'" /manifest:embed /DEBUG /PDB:"C:\Users\Stephen\Documents\Visual Studio 2013\Projects\Lab7\Debug\Lab7.pdb" /TLBID:1 /DYNAMICBASE /NXCOMPAT /IMPLIB:"C:\Users\Stephen\Documents\Visual Studio 2013\Projects\Lab7\Debug\Lab7.lib" /MACHINE:X86 Debug\HashSet.obj
         Lab7.vcxproj -> C:\Users\Stephen\Documents\Visual Studio 2013\Projects\Lab7\Debug\Lab7.exe
     1>Done Building Project "C:\Users\Stephen\Documents\Visual Studio 2013\Projects\Lab7\Lab7\Lab7.vcxproj" (Build target(s)).

Build succeeded.

Time Elapsed 00:00:00.90
