Build started 12/3/2014 6:01:34 PM.
     1>Project "C:\Users\Stephen\Desktop\Programming Projects\CS236Project5\CS236Project5\CS236Project5.vcxproj" on node 2 (Build target(s)).
     1>ClCompile:
         C:\Program Files (x86)\Microsoft Visual Studio 12.0\VC\bin\CL.exe /c /ZI /nologo /W3 /WX- /sdl /Od /Oy- /D _MBCS /Gm /EHsc /RTC1 /MDd /GS /fp:precise /Zc:wchar_t /Zc:forScope /Fo"Debug\\" /Fd"Debug\vc120.pdb" /Gd /TP /analyze- /errorReport:prompt Graph.cpp
         Graph.cpp
     1>c:\users\stephen\desktop\programming projects\cs236project5\cs236project5\graph.cpp(130): warning C4018: '<' : signed/unsigned mismatch
     1>c:\users\stephen\desktop\programming projects\cs236project5\cs236project5\graph.cpp(157): warning C4804: '>' : unsafe use of type 'bool' in operation
       Link:
         C:\Program Files (x86)\Microsoft Visual Studio 12.0\VC\bin\link.exe /ERRORREPORT:PROMPT /OUT:"C:\Users\Stephen\Desktop\Programming Projects\CS236Project5\Debug\CS236Project5.exe" /INCREMENTAL /NOLOGO kernel32.lib user32.lib gdi32.lib winspool.lib comdlg32.lib advapi32.lib shell32.lib ole32.lib oleaut32.lib uuid.lib odbc32.lib odbccp32.lib /MANIFEST /MANIFESTUAC:"level='asInvoker' uiAccess='false'" /manifest:embed /DEBUG /PDB:"C:\Users\Stephen\Desktop\Programming Projects\CS236Project5\Debug\CS236Project5.pdb" /TLBID:1 /DYNAMICBASE /NXCOMPAT /IMPLIB:"C:\Users\Stephen\Desktop\Programming Projects\CS236Project5\Debug\CS236Project5.lib" /MACHINE:X86 Debug\Database.obj
         Debug\DatalogProgram.obj
         Debug\Graph.obj
         Debug\Node.obj
         Debug\Parameter.obj
         Debug\Predicate.obj
         Debug\Relation.obj
         Debug\Rule.obj
         Debug\Scanner.obj
         Debug\Scheme.obj
         Debug\Source.obj
         Debug\Token.obj
         Debug\Tuple.obj
         CS236Project5.vcxproj -> C:\Users\Stephen\Desktop\Programming Projects\CS236Project5\Debug\CS236Project5.exe
     1>Done Building Project "C:\Users\Stephen\Desktop\Programming Projects\CS236Project5\CS236Project5\CS236Project5.vcxproj" (Build target(s)).

Build succeeded.

Time Elapsed 00:00:01.09
