#
# A fatal error has been detected by the Java Runtime Environment:
#
#  SIGSEGV (0xb) at pc=0xb6d3d668, pid=9554, tid=2413157184
#
# JRE version: OpenJDK Runtime Environment (7.0_75-b13) (build 1.7.0_75-b13)
# Java VM: OpenJDK Client VM (24.75-b04 mixed mode linux-x86 )
# Derivative: IcedTea 2.5.4
# Distribution: Ubuntu 14.04 LTS, package 7u75-2.5.4-1~trusty1
# Problematic frame:
# V  [libjvm.so+0x2ae668]  java_lang_String::utf8_length(oopDesc*)+0x58
#
# Failed to write core dump. Core dumps have been disabled. To enable core dumping, try "ulimit -c unlimited" before starting Java again
#
# If you would like to submit a bug report, please include
# instructions on how to reproduce the bug and visit:
#   http://icedtea.classpath.org/bugzilla
#

---------------  T H R E A D  ---------------

Current thread (0xb6781c00):  JavaThread "JDWP Transport Listener: dt_socket" daemon [_thread_in_vm, id=9567, stack(0x8fd0d000,0x8fd5e000)]

siginfo:si_signo=SIGSEGV: si_errno=0, si_code=1 (SEGV_MAPERR), si_addr=0x00000008

Registers:
EAX=0x90426770, EBX=0xb70d0000, ECX=0x00000000, EDX=0x00000000
ESP=0x8fd5cf40, EBP=0x8fd5cfd8, ESI=0x00000000, EDI=0x8fe05ef8
EIP=0xb6d3d668, EFLAGS=0x00010246, CR2=0x00000008

Top of Stack: (sp=0x8fd5cf40)
0x8fd5cf40:   b6781c00 00000000 8fd5cf78 b68aa89f
0x8fd5cf50:   b6d3d619 b70d0000 b6781c00 b6d4bd46
0x8fd5cf60:   90426770 00000001 b68aa82b b68bf000
0x8fd5cf70:   8fe05ef8 8fd5d02c 8fd5cfa8 90426770
0x8fd5cf80:   b6781c00 00000000 8fd5cfb8 00000000
0x8fd5cf90:   00000190 b677bc38 b68a9c5b b68bf000
0x8fd5cfa0:   b6781d28 8fe05ef8 8fd5cfd8 b688920c
0x8fd5cfb0:   b6781d28 8fe05ef8 00000000 b689e96c 

Instructions: (pc=0xb6d3d668)
0xb6d3d648:   10 8d 4c 4e 0c 31 c0 85 d2 0f 45 c1 89 54 24 04
0xb6d3d658:   89 04 24 e8 a0 a7 21 00 83 c4 14 5b 5e c3 66 90
0xb6d3d668:   8b 56 08 eb dc 90 66 90 56 31 c9 53 e8 07 39 d9
0xb6d3d678:   ff 81 c3 87 29 39 00 83 ec 14 8b 44 24 20 8b 93 

Register to memory mapping:

EAX=0x90426770 is an oop
java.lang.String 
 - klass: 'java/lang/String'
EBX=0xb70d0000: <offset 0x641000> in /usr/lib/jvm/java-7-openjdk-i386/jre/lib/i386/client/libjvm.so at 0xb6a8f000
ECX=0x00000000 is an unknown value
EDX=0x00000000 is an unknown value
ESP=0x8fd5cf40 is pointing into the stack for thread: 0xb6781c00
EBP=0x8fd5cfd8 is pointing into the stack for thread: 0xb6781c00
ESI=0x00000000 is an unknown value
EDI=0x8fe05ef8 is a global jni handle


Stack: [0x8fd0d000,0x8fd5e000],  sp=0x8fd5cf40,  free space=319k
Native frames: (J=compiled Java code, j=interpreted, Vv=VM code, C=native code)
V  [libjvm.so+0x2ae668]  java_lang_String::utf8_length(oopDesc*)+0x58
C  [libjdwp.so+0x12689]
C  [libjdwp.so+0x25aaf]
C  [libjdwp.so+0x25f4c]


---------------  P R O C E S S  ---------------

Java Threads: ( => current thread )
  0x0a003800 JavaThread "TimerQueue" daemon [_thread_blocked, id=9585, stack(0x8ec9c000,0x8eced000)]
  0xb6709000 JavaThread "DestroyJavaVM" [_thread_blocked, id=9556, stack(0xb68f2000,0xb6943000)]
  0x8ef1d000 JavaThread "AWT-EventQueue-0" [_thread_blocked, id=9580, stack(0x8edf0000,0x8ee41000)]
  0x8ef1b400 JavaThread "AWT-Shutdown" [_thread_blocked, id=9579, stack(0x8ee41000,0x8ee92000)]
  0x8ef18c00 JavaThread "AWT-XAWT" daemon [_thread_in_native, id=9578, stack(0x8ee92000,0x8eee3000)]
  0x8ef05c00 JavaThread "Java2D Disposer" daemon [_thread_blocked, id=9577, stack(0x8f005000,0x8f056000)]
  0xb6788000 JavaThread "Service Thread" daemon [_thread_blocked, id=9575, stack(0x8fb99000,0x8fbea000)]
  0xb6786000 JavaThread "C1 CompilerThread0" daemon [_thread_blocked, id=9574, stack(0x8fbea000,0x8fc6b000)]
  0x09c5c400 JavaThread "JDWP Command Reader" daemon [_thread_in_native, id=9571, stack(0x8fc6b000,0x8fcbc000)]
  0xb6784400 JavaThread "JDWP Event Helper Thread" daemon [_thread_blocked, id=9570, stack(0x8fcbc000,0x8fd0d000)]
=>0xb6781c00 JavaThread "JDWP Transport Listener: dt_socket" daemon [_thread_in_vm, id=9567, stack(0x8fd0d000,0x8fd5e000)]
  0xb6779400 JavaThread "Signal Dispatcher" daemon [_thread_blocked, id=9565, stack(0x8fd5e000,0x8fdaf000)]
  0xb6766c00 JavaThread "Finalizer" daemon [_thread_blocked, id=9563, stack(0x8fdaf000,0x8fe00000)]
  0xb6765400 JavaThread "Reference Handler" daemon [_thread_blocked, id=9562, stack(0x8ff0d000,0x8ff5e000)]

Other Threads:
  0xb6762c00 VMThread [stack: 0x8ff5e000,0x8ffdf000] [id=9561]
  0xb678a800 WatcherThread [stack: 0x8fb18000,0x8fb99000] [id=9576]

VM state:not at safepoint (normal execution)

VM Mutex/Monitor currently owned by a thread: None

Heap
 def new generation   total 4928K, used 261K [0x90400000, 0x90950000, 0x9aea0000)
  eden space 4416K,   5% used [0x90400000, 0x9043c908, 0x90850000)
  from space 512K,   3% used [0x908d0000, 0x908d4d98, 0x90950000)
  to   space 512K,   0% used [0x90850000, 0x90850000, 0x908d0000)
 tenured generation   total 10944K, used 5915K [0x9aea0000, 0x9b950000, 0xb0400000)
   the space 10944K,  54% used [0x9aea0000, 0x9b466e20, 0x9b467000, 0x9b950000)
 compacting perm gen  total 12288K, used 12228K [0xb0400000, 0xb1000000, 0xb4400000)
   the space 12288K,  99% used [0xb0400000, 0xb0ff1150, 0xb0ff1200, 0xb1000000)
No shared spaces configured.

Card table byte_map: [0x902df000,0x90400000] byte_map_base: 0x8fe5d000

Polling page: 0xb76e4000

Code Cache  [0xb44e7000, 0xb45ff000, 0xb64e7000)
 total_blobs=558 nmethods=309 adapters=194 free_code_cache=31680Kb largest_free_block=32440064

Compilation events (10 events):
Event: 12.600 Thread 0xb6786000  306             javax.swing.RepaintManager::currentManager (37 bytes)
Event: 12.600 Thread 0xb6786000 nmethod 306 0xb45f3d48 code [0xb45f3e70, 0xb45f3fc0]
Event: 15.556 Thread 0xb6786000  307             java.awt.Container::findComponentAtImpl (315 bytes)
Event: 15.558 Thread 0xb6786000 nmethod 307 0xb45f40c8 code [0xb45f42b0, 0xb45f4850]
Event: 15.769 Thread 0xb6786000  309             javax.swing.JComponent::contains (27 bytes)
Event: 15.770 Thread 0xb6786000 nmethod 309 0xb45f4f88 code [0xb45f5080, 0xb45f51b0]
Event: 16.093 Thread 0xb6786000  310             java.security.AccessControlContext::optimize (319 bytes)
Event: 16.095 Thread 0xb6786000 nmethod 310 0xb45f5248 code [0xb45f53d0, 0xb45f5a18]
Event: 16.319 Thread 0xb6786000  311   !         java.awt.Container::getMouseEventTargetImpl (255 bytes)
Event: 16.321 Thread 0xb6786000 nmethod 311 0xb45f60c8 code [0xb45f62a0, 0xb45f6a28]

GC Heap History (10 events):
Event: 11.599 GC heap before
{Heap before GC invocations=4 (full 0):
 def new generation   total 4928K, used 4416K [0x90400000, 0x90950000, 0x9aea0000)
  eden space 4416K, 100% used [0x90400000, 0x90850000, 0x90850000)
  from space 512K,   0% used [0x90850000, 0x90850088, 0x908d0000)
  to   space 512K,   0% used [0x908d0000, 0x908d0000, 0x90950000)
 tenured generation   total 10944K, used 4451K [0x9aea0000, 0x9b950000, 0xb0400000)
   the space 10944K,  40% used [0x9aea0000, 0x9b2f8e98, 0x9b2f9000, 0x9b950000)
 compacting perm gen  total 12288K, used 12205K [0xb0400000, 0xb1000000, 0xb4400000)
   the space 12288K,  99% used [0xb0400000, 0xb0feb548, 0xb0feb600, 0xb1000000)
No shared spaces configured.
Event: 11.600 GC heap after
Heap after GC invocations=5 (full 0):
 def new generation   total 4928K, used 0K [0x90400000, 0x90950000, 0x9aea0000)
  eden space 4416K,   0% used [0x90400000, 0x90400000, 0x90850000)
  from space 512K,   0% used [0x908d0000, 0x908d0088, 0x90950000)
  to   space 512K,   0% used [0x90850000, 0x90850000, 0x908d0000)
 tenured generation   total 10944K, used 4451K [0x9aea0000, 0x9b950000, 0xb0400000)
   the space 10944K,  40% used [0x9aea0000, 0x9b2f8e98, 0x9b2f9000, 0x9b950000)
 compacting perm gen  total 12288K, used 12205K [0xb0400000, 0xb1000000, 0xb4400000)
   the space 12288K,  99% used [0xb0400000, 0xb0feb548, 0xb0feb600, 0xb1000000)
No shared spaces configured.
}
Event: 12.553 GC heap before
{Heap before GC invocations=5 (full 0):
 def new generation   total 4928K, used 4092K [0x90400000, 0x90950000, 0x9aea0000)
  eden space 4416K,  92% used [0x90400000, 0x907ff1d8, 0x90850000)
  from space 512K,   0% used [0x908d0000, 0x908d0088, 0x90950000)
  to   space 512K,   0% used [0x90850000, 0x90850000, 0x908d0000)
 tenured generation   total 10944K, used 4451K [0x9aea0000, 0x9b950000, 0xb0400000)
   the space 10944K,  40% used [0x9aea0000, 0x9b2f8e98, 0x9b2f9000, 0x9b950000)
 compacting perm gen  total 12288K, used 12214K [0xb0400000, 0xb1000000, 0xb4400000)
   the space 12288K,  99% used [0xb0400000, 0xb0fed890, 0xb0feda00, 0xb1000000)
No shared spaces configured.
Event: 12.556 GC heap after
Heap after GC invocations=6 (full 0):
 def new generation   total 4928K, used 19K [0x90400000, 0x90950000, 0x9aea0000)
  eden space 4416K,   0% used [0x90400000, 0x90400000, 0x90850000)
  from space 512K,   3% used [0x90850000, 0x90854f00, 0x908d0000)
  to   space 512K,   0% used [0x908d0000, 0x908d0000, 0x90950000)
 tenured generation   total 10944K, used 5184K [0x9aea0000, 0x9b950000, 0xb0400000)
   the space 10944K,  47% used [0x9aea0000, 0x9b3b0060, 0x9b3b0200, 0x9b950000)
 compacting perm gen  total 12288K, used 12214K [0xb0400000, 0xb1000000, 0xb4400000)
   the space 12288K,  99% used [0xb0400000, 0xb0fed890, 0xb0feda00, 0xb1000000)
No shared spaces configured.
}
Event: 12.563 GC heap before
{Heap before GC invocations=6 (full 0):
 def new generation   total 4928K, used 4435K [0x90400000, 0x90950000, 0x9aea0000)
  eden space 4416K, 100% used [0x90400000, 0x90850000, 0x90850000)
  from space 512K,   3% used [0x90850000, 0x90854f00, 0x908d0000)
  to   space 512K,   0% used [0x908d0000, 0x908d0000, 0x90950000)
 tenured generation   total 10944K, used 5184K [0x9aea0000, 0x9b950000, 0xb0400000)
   the space 10944K,  47% used [0x9aea0000, 0x9b3b0060, 0x9b3b0200, 0x9b950000)
 compacting perm gen  total 12288K, used 12214K [0xb0400000, 0xb1000000, 0xb4400000)
   the space 12288K,  99% used [0xb0400000, 0xb0fed890, 0xb0feda00, 0xb1000000)
No shared spaces configured.
Event: 12.564 GC heap after
Heap after GC invocations=7 (full 0):
 def new generation   total 4928K, used 19K [0x90400000, 0x90950000, 0x9aea0000)
  eden space 4416K,   0% used [0x90400000, 0x90400000, 0x90850000)
  from space 512K,   3% used [0x908d0000, 0x908d4f78, 0x90950000)
  to   space 512K,   0% used [0x90850000, 0x90850000, 0x908d0000)
 tenured generation   total 10944K, used 5915K [0x9aea0000, 0x9b950000, 0xb0400000)
   the space 10944K,  54% used [0x9aea0000, 0x9b466e20, 0x9b467000, 0x9b950000)
 compacting perm gen  total 12288K, used 12214K [0xb0400000, 0xb1000000, 0xb4400000)
   the space 12288K,  99% used [0xb0400000, 0xb0fed890, 0xb0feda00, 0xb1000000)
No shared spaces configured.
}
Event: 12.573 GC heap before
{Heap before GC invocations=7 (full 0):
 def new generation   total 4928K, used 4435K [0x90400000, 0x90950000, 0x9aea0000)
  eden space 4416K, 100% used [0x90400000, 0x90850000, 0x90850000)
  from space 512K,   3% used [0x908d0000, 0x908d4f78, 0x90950000)
  to   space 512K,   0% used [0x90850000, 0x90850000, 0x908d0000)
 tenured generation   total 10944K, used 5915K [0x9aea0000, 0x9b950000, 0xb0400000)
   the space 10944K,  54% used [0x9aea0000, 0x9b466e20, 0x9b467000, 0x9b950000)
 compacting perm gen  total 12288K, used 12214K [0xb0400000, 0xb1000000, 0xb4400000)
   the space 12288K,  99% used [0xb0400000, 0xb0fed890, 0xb0feda00, 0xb1000000)
No shared spaces configured.
Event: 12.573 GC heap after
Heap after GC invocations=8 (full 0):
 def new generation   total 4928K, used 19K [0x90400000, 0x90950000, 0x9aea0000)
  eden space 4416K,   0% used [0x90400000, 0x90400000, 0x90850000)
  from space 512K,   3% used [0x90850000, 0x90854f78, 0x908d0000)
  to   space 512K,   0% used [0x908d0000, 0x908d0000, 0x90950000)
 tenured generation   total 10944K, used 5915K [0x9aea0000, 0x9b950000, 0xb0400000)
   the space 10944K,  54% used [0x9aea0000, 0x9b466e20, 0x9b467000, 0x9b950000)
 compacting perm gen  total 12288K, used 12214K [0xb0400000, 0xb1000000, 0xb4400000)
   the space 12288K,  99% used [0xb0400000, 0xb0fed890, 0xb0feda00, 0xb1000000)
No shared spaces configured.
}
Event: 12.603 GC heap before
{Heap before GC invocations=8 (full 0):
 def new generation   total 4928K, used 4435K [0x90400000, 0x90950000, 0x9aea0000)
  eden space 4416K, 100% used [0x90400000, 0x90850000, 0x90850000)
  from space 512K,   3% used [0x90850000, 0x90854f78, 0x908d0000)
  to   space 512K,   0% used [0x908d0000, 0x908d0000, 0x90950000)
 tenured generation   total 10944K, used 5915K [0x9aea0000, 0x9b950000, 0xb0400000)
   the space 10944K,  54% used [0x9aea0000, 0x9b466e20, 0x9b467000, 0x9b950000)
 compacting perm gen  total 12288K, used 12217K [0xb0400000, 0xb1000000, 0xb4400000)
   the space 12288K,  99% used [0xb0400000, 0xb0fee428, 0xb0fee600, 0xb1000000)
No shared spaces configured.
Event: 12.604 GC heap after
Heap after GC invocations=9 (full 0):
 def new generation   total 4928K, used 19K [0x90400000, 0x90950000, 0x9aea0000)
  eden space 4416K,   0% used [0x90400000, 0x90400000, 0x90850000)
  from space 512K,   3% used [0x908d0000, 0x908d4d98, 0x90950000)
  to   space 512K,   0% used [0x90850000, 0x90850000, 0x908d0000)
 tenured generation   total 10944K, used 5915K [0x9aea0000, 0x9b950000, 0xb0400000)
   the space 10944K,  54% used [0x9aea0000, 0x9b466e20, 0x9b467000, 0x9b950000)
 compacting perm gen  total 12288K, used 12217K [0xb0400000, 0xb1000000, 0xb4400000)
   the space 12288K,  99% used [0xb0400000, 0xb0fee428, 0xb0fee600, 0xb1000000)
No shared spaces configured.
}

Deoptimization events (0 events):
No events

Internal exceptions (10 events):
Event: 6.581 Thread 0x8ef1d000 Threw 0x90582f50 at /build/buildd/openjdk-7-7u75-2.5.4/build/openjdk/hotspot/src/share/vm/prims/jvm.cpp:1284
Event: 6.584 Thread 0x8ef1d000 Threw 0x9058ea38 at /build/buildd/openjdk-7-7u75-2.5.4/build/openjdk/hotspot/src/share/vm/prims/jvm.cpp:1284
Event: 11.470 Thread 0x8ef1d000 Threw 0x905c8fd8 at /build/buildd/openjdk-7-7u75-2.5.4/build/openjdk/hotspot/src/share/vm/prims/jvm.cpp:1284
Event: 11.471 Thread 0x8ef1d000 Threw 0x905ccb70 at /build/buildd/openjdk-7-7u75-2.5.4/build/openjdk/hotspot/src/share/vm/prims/jvm.cpp:1284
Event: 11.477 Thread 0x8ef1d000 Threw 0x905d7908 at /build/buildd/openjdk-7-7u75-2.5.4/build/openjdk/hotspot/src/share/vm/prims/jvm.cpp:1284
Event: 11.486 Thread 0x8ef1d000 Threw 0x905e4c58 at /build/buildd/openjdk-7-7u75-2.5.4/build/openjdk/hotspot/src/share/vm/prims/jvm.cpp:1284
Event: 15.235 Thread 0x8ef1d000 Threw 0x90409b88 at /build/buildd/openjdk-7-7u75-2.5.4/build/openjdk/hotspot/src/share/vm/prims/jni.cpp:747
Event: 82.601 Thread 0x8ef1d000 Threw 0x90426480 at /build/buildd/openjdk-7-7u75-2.5.4/build/openjdk/hotspot/src/share/vm/interpreter/interpreterRuntime.cpp:373
Event: 82.602 Thread 0x8ef1d000 Threw 0x90426480 at /build/buildd/openjdk-7-7u75-2.5.4/build/openjdk/hotspot/src/share/vm/prims/jvm.cpp:1288
Event: 82.602 Thread 0x8ef1d000 Threw 0x90426480 at /build/buildd/openjdk-7-7u75-2.5.4/build/openjdk/hotspot/src/share/vm/prims/jvm.cpp:1288

Events (10 events):
Event: 102.869 Executing VM operation: EnterInterpOnlyMode
Event: 102.869 Executing VM operation: EnterInterpOnlyMode done
Event: 102.869 Executing VM operation: GetCurrentLocation
Event: 102.869 Executing VM operation: GetCurrentLocation done
Event: 102.869 Executing VM operation: ChangeSingleStep
Event: 102.869 Executing VM operation: ChangeSingleStep done
Event: 102.869 Executing VM operation: ChangeSingleStep
Event: 102.869 Executing VM operation: ChangeSingleStep done
Event: 102.876 Executing VM operation: GetOrSetLocal
Event: 102.876 Executing VM operation: GetOrSetLocal done


Dynamic libraries:
08048000-08049000 r-xp 00000000 fc:00 135783     /usr/lib/jvm/java-7-openjdk-i386/jre/bin/java
08049000-0804a000 r--p 00000000 fc:00 135783     /usr/lib/jvm/java-7-openjdk-i386/jre/bin/java
0804a000-0804b000 rw-p 00001000 fc:00 135783     /usr/lib/jvm/java-7-openjdk-i386/jre/bin/java
09c56000-0a11e000 rw-p 00000000 00:00 0          [heap]
8e6bc000-8e79a000 rw-p 00000000 00:00 0 
8e79a000-8e851000 rw-s 00000000 00:04 9666577    /SYSV00000000 (deleted)
8e851000-8ec2f000 rw-s 00000000 00:04 9633808    /SYSV00000000 (deleted)
8ec2f000-8ec33000 r--s 0004d000 fc:00 680375     /usr/lib/jvm/java-7-openjdk-i386/jre/lib/jsse.jar
8ec4b000-8ec4e000 ---p 00000000 00:00 0 
8ec4e000-8ec9c000 rw-p 00000000 00:00 0 
8ec9c000-8ec9f000 ---p 00000000 00:00 0 
8ec9f000-8eced000 rw-p 00000000 00:00 0          [stack:9585]
8ecf1000-8ecf4000 ---p 00000000 00:00 0 
8ecf4000-8ed42000 rw-p 00000000 00:00 0 
8ed42000-8ed92000 r-xp 00000000 fc:00 136115     /usr/lib/jvm/java-7-openjdk-i386/jre/lib/i386/libfontmanager.so
8ed92000-8ed94000 r--p 0004f000 fc:00 136115     /usr/lib/jvm/java-7-openjdk-i386/jre/lib/i386/libfontmanager.so
8ed94000-8ed95000 rw-p 00051000 fc:00 136115     /usr/lib/jvm/java-7-openjdk-i386/jre/lib/i386/libfontmanager.so
8ed95000-8edac000 r-xp 00000000 fc:00 136109     /usr/lib/jvm/java-7-openjdk-i386/jre/lib/i386/libnet.so
8edac000-8edad000 r--p 00017000 fc:00 136109     /usr/lib/jvm/java-7-openjdk-i386/jre/lib/i386/libnet.so
8edad000-8edae000 rw-p 00018000 fc:00 136109     /usr/lib/jvm/java-7-openjdk-i386/jre/lib/i386/libnet.so
8edae000-8edbf000 r-xp 00000000 fc:00 136101     /usr/lib/jvm/java-7-openjdk-i386/jre/lib/i386/libnio.so
8edbf000-8edc0000 r--p 00010000 fc:00 136101     /usr/lib/jvm/java-7-openjdk-i386/jre/lib/i386/libnio.so
8edc0000-8edc1000 rw-p 00011000 fc:00 136101     /usr/lib/jvm/java-7-openjdk-i386/jre/lib/i386/libnio.so
8edc1000-8ede6000 r--s 001cc000 fc:00 794126     /home/ssnyder/eclipseWorkspace/RecordIndexer/lib/checkstyle-5.3-all.jar
8ede6000-8edea000 r--s 0002a000 fc:00 794079     /home/ssnyder/eclipseWorkspace/RecordIndexer/lib/commons-io-2.4.jar
8edea000-8edf0000 r--s 00034000 fc:00 794127     /home/ssnyder/eclipseWorkspace/RecordIndexer/lib/junit-4.8.2.jar
8edf0000-8edf3000 ---p 00000000 00:00 0 
8edf3000-8ee41000 rw-p 00000000 00:00 0          [stack:9580]
8ee41000-8ee44000 ---p 00000000 00:00 0 
8ee44000-8ee92000 rw-p 00000000 00:00 0          [stack:9579]
8ee92000-8ee95000 ---p 00000000 00:00 0 
8ee95000-8eee3000 rw-p 00000000 00:00 0          [stack:9578]
8eee3000-8eeec000 r-xp 00000000 fc:00 660168     /usr/lib/i386-linux-gnu/libXcursor.so.1.0.2
8eeec000-8eeed000 r--p 00008000 fc:00 660168     /usr/lib/i386-linux-gnu/libXcursor.so.1.0.2
8eeed000-8eeee000 rw-p 00009000 fc:00 660168     /usr/lib/i386-linux-gnu/libXcursor.so.1.0.2
8eeee000-8eefa000 r--s 0006a000 fc:00 794125     /home/ssnyder/eclipseWorkspace/RecordIndexer/lib/xstream-1.4.2.jar
8eefa000-8ef00000 r--s 00036000 fc:00 145739     /home/ssnyder/Desktop/eclipse/plugins/org.junit_4.11.0.v201303080030/junit.jar
8ef00000-8ef44000 rw-p 00000000 00:00 0 
8ef44000-8f000000 ---p 00000000 00:00 0 
8f000000-8f005000 r--s 00309000 fc:00 794124     /home/ssnyder/eclipseWorkspace/RecordIndexer/lib/sqlite-jdbc-3.7.2.jar
8f005000-8f008000 ---p 00000000 00:00 0 
8f008000-8f056000 rw-p 00000000 00:00 0          [stack:9577]
8f056000-8f059000 r-xp 00000000 fc:00 134632     /lib/i386-linux-gnu/libgpg-error.so.0.10.0
8f059000-8f05a000 r--p 00002000 fc:00 134632     /lib/i386-linux-gnu/libgpg-error.so.0.10.0
8f05a000-8f05b000 rw-p 00003000 fc:00 134632     /lib/i386-linux-gnu/libgpg-error.so.0.10.0
8f05b000-8f05d000 r-xp 00000000 fc:00 134642     /lib/i386-linux-gnu/libkeyutils.so.1.4
8f05d000-8f05e000 r--p 00002000 fc:00 134642     /lib/i386-linux-gnu/libkeyutils.so.1.4
8f05e000-8f05f000 rw-p 00003000 fc:00 134642     /lib/i386-linux-gnu/libkeyutils.so.1.4
8f05f000-8f09b000 r-xp 00000000 fc:00 134702     /lib/i386-linux-gnu/libpcre.so.3.13.1
8f09b000-8f09c000 r--p 0003b000 fc:00 134702     /lib/i386-linux-gnu/libpcre.so.3.13.1
8f09c000-8f09d000 rw-p 0003c000 fc:00 134702     /lib/i386-linux-gnu/libpcre.so.3.13.1
8f09d000-8f0c3000 r-xp 00000000 fc:00 134714     /lib/i386-linux-gnu/libpng12.so.0.50.0
8f0c3000-8f0c4000 r--p 00025000 fc:00 134714     /lib/i386-linux-gnu/libpng12.so.0.50.0
8f0c4000-8f0c5000 rw-p 00026000 fc:00 134714     /lib/i386-linux-gnu/libpng12.so.0.50.0
8f0c5000-8f10e000 r-xp 00000000 fc:00 137295     /lib/i386-linux-gnu/libdbus-1.so.3.7.6
8f10e000-8f10f000 r--p 00048000 fc:00 137295     /lib/i386-linux-gnu/libdbus-1.so.3.7.6
8f10f000-8f110000 rw-p 00049000 fc:00 137295     /lib/i386-linux-gnu/libdbus-1.so.3.7.6
8f110000-8f147000 r-xp 00000000 fc:00 660817     /usr/lib/i386-linux-gnu/libp11-kit.so.0.0.0
8f147000-8f148000 ---p 00037000 fc:00 660817     /usr/lib/i386-linux-gnu/libp11-kit.so.0.0.0
8f148000-8f14b000 r--p 00037000 fc:00 660817     /usr/lib/i386-linux-gnu/libp11-kit.so.0.0.0
8f14b000-8f14c000 rw-p 0003a000 fc:00 660817     /usr/lib/i386-linux-gnu/libp11-kit.so.0.0.0
8f14c000-8f15e000 r-xp 00000000 fc:00 657556     /usr/lib/i386-linux-gnu/libtasn1.so.6.2.0
8f15e000-8f15f000 r--p 00011000 fc:00 657556     /usr/lib/i386-linux-gnu/libtasn1.so.6.2.0
8f15f000-8f160000 rw-p 00012000 fc:00 657556     /usr/lib/i386-linux-gnu/libtasn1.so.6.2.0
8f160000-8f1e2000 r-xp 00000000 fc:00 138861     /lib/i386-linux-gnu/libgcrypt.so.11.8.2
8f1e2000-8f1e3000 ---p 00082000 fc:00 138861     /lib/i386-linux-gnu/libgcrypt.so.11.8.2
8f1e3000-8f1e4000 r--p 00082000 fc:00 138861     /lib/i386-linux-gnu/libgcrypt.so.11.8.2
8f1e4000-8f1e6000 rw-p 00083000 fc:00 138861     /lib/i386-linux-gnu/libgcrypt.so.11.8.2
8f1e6000-8f1e7000 rw-p 00000000 00:00 0 
8f1e7000-8f1f1000 r-xp 00000000 fc:00 657755     /usr/lib/i386-linux-gnu/libkrb5support.so.0.1
8f1f1000-8f1f2000 r--p 00009000 fc:00 657755     /usr/lib/i386-linux-gnu/libkrb5support.so.0.1
8f1f2000-8f1f3000 rw-p 0000a000 fc:00 657755     /usr/lib/i386-linux-gnu/libkrb5support.so.0.1
8f1f3000-8f1f6000 r-xp 00000000 fc:00 132449     /lib/i386-linux-gnu/libcom_err.so.2.1
8f1f6000-8f1f7000 r--p 00002000 fc:00 132449     /lib/i386-linux-gnu/libcom_err.so.2.1
8f1f7000-8f1f8000 rw-p 00003000 fc:00 132449     /lib/i386-linux-gnu/libcom_err.so.2.1
8f1f8000-8f226000 r-xp 00000000 fc:00 657669     /usr/lib/i386-linux-gnu/libk5crypto.so.3.1
8f226000-8f227000 r--p 0002d000 fc:00 657669     /usr/lib/i386-linux-gnu/libk5crypto.so.3.1
8f227000-8f228000 rw-p 0002e000 fc:00 657669     /usr/lib/i386-linux-gnu/libk5crypto.so.3.1
8f228000-8f2df000 r-xp 00000000 fc:00 657728     /usr/lib/i386-linux-gnu/libkrb5.so.3.3
8f2df000-8f2e5000 r--p 000b7000 fc:00 657728     /usr/lib/i386-linux-gnu/libkrb5.so.3.3
8f2e5000-8f2e6000 rw-p 000bd000 fc:00 657728     /usr/lib/i386-linux-gnu/libkrb5.so.3.3
8f2e6000-8f2eb000 r-xp 00000000 fc:00 660172     /usr/lib/i386-linux-gnu/libXdmcp.so.6.0.0
8f2eb000-8f2ec000 r--p 00004000 fc:00 660172     /usr/lib/i386-linux-gnu/libXdmcp.so.6.0.0
8f2ec000-8f2ed000 rw-p 00005000 fc:00 660172     /usr/lib/i386-linux-gnu/libXdmcp.so.6.0.0
8f2ed000-8f2f2000 r-xp 00000000 fc:00 660417     /usr/lib/i386-linux-gnu/libffi.so.6.0.1
8f2f2000-8f2f3000 r--p 00005000 fc:00 660417     /usr/lib/i386-linux-gnu/libffi.so.6.0.1
8f2f3000-8f2f4000 rw-p 00006000 fc:00 660417     /usr/lib/i386-linux-gnu/libffi.so.6.0.1
8f2f4000-8f307000 r-xp 00000000 fc:00 167873     /lib/i386-linux-gnu/libresolv-2.19.so
8f307000-8f308000 ---p 00013000 fc:00 167873     /lib/i386-linux-gnu/libresolv-2.19.so
8f308000-8f309000 r--p 00013000 fc:00 167873     /lib/i386-linux-gnu/libresolv-2.19.so
8f309000-8f30a000 rw-p 00014000 fc:00 167873     /lib/i386-linux-gnu/libresolv-2.19.so
8f30a000-8f30c000 rw-p 00000000 00:00 0 
8f30c000-8f32c000 r-xp 00000000 fc:00 134638     /lib/i386-linux-gnu/libselinux.so.1
8f32c000-8f32d000 r--p 0001f000 fc:00 134638     /lib/i386-linux-gnu/libselinux.so.1
8f32d000-8f32e000 rw-p 00020000 fc:00 134638     /lib/i386-linux-gnu/libselinux.so.1
8f32e000-8f32f000 rw-p 00000000 00:00 0 
8f32f000-8f439000 r-xp 00000000 fc:00 134606     /lib/i386-linux-gnu/libglib-2.0.so.0.4002.0
8f439000-8f43a000 r--p 00109000 fc:00 134606     /lib/i386-linux-gnu/libglib-2.0.so.0.4002.0
8f43a000-8f43b000 rw-p 0010a000 fc:00 134606     /lib/i386-linux-gnu/libglib-2.0.so.0.4002.0
8f43b000-8f460000 r-xp 00000000 fc:00 134621     /lib/i386-linux-gnu/libexpat.so.1.6.0
8f460000-8f461000 ---p 00025000 fc:00 134621     /lib/i386-linux-gnu/libexpat.so.1.6.0
8f461000-8f463000 r--p 00025000 fc:00 134621     /lib/i386-linux-gnu/libexpat.so.1.6.0
8f463000-8f464000 rw-p 00027000 fc:00 134621     /lib/i386-linux-gnu/libexpat.so.1.6.0
8f464000-8f4ff000 r-xp 00000000 fc:00 662682     /usr/lib/i386-linux-gnu/libfreetype.so.6.11.1
8f4ff000-8f503000 r--p 0009a000 fc:00 662682     /usr/lib/i386-linux-gnu/libfreetype.so.6.11.1
8f503000-8f504000 rw-p 0009e000 fc:00 662682     /usr/lib/i386-linux-gnu/libfreetype.so.6.11.1
8f504000-8f514000 r-xp 00000000 fc:00 660258     /usr/lib/i386-linux-gnu/libavahi-client.so.3.2.9
8f514000-8f515000 r--p 0000f000 fc:00 660258     /usr/lib/i386-linux-gnu/libavahi-client.so.3.2.9
8f515000-8f516000 rw-p 00010000 fc:00 660258     /usr/lib/i386-linux-gnu/libavahi-client.so.3.2.9
8f516000-8f522000 r-xp 00000000 fc:00 660260     /usr/lib/i386-linux-gnu/libavahi-common.so.3.5.3
8f522000-8f523000 r--p 0000b000 fc:00 660260     /usr/lib/i386-linux-gnu/libavahi-common.so.3.5.3
8f523000-8f524000 rw-p 0000c000 fc:00 660260     /usr/lib/i386-linux-gnu/libavahi-common.so.3.5.3
8f524000-8f5e5000 r-xp 00000000 fc:00 657582     /usr/lib/i386-linux-gnu/libgnutls.so.26.22.6
8f5e5000-8f5e9000 r--p 000c0000 fc:00 657582     /usr/lib/i386-linux-gnu/libgnutls.so.26.22.6
8f5e9000-8f5ea000 rw-p 000c4000 fc:00 657582     /usr/lib/i386-linux-gnu/libgnutls.so.26.22.6
8f5ea000-8f62d000 r-xp 00000000 fc:00 657705     /usr/lib/i386-linux-gnu/libgssapi_krb5.so.2.2
8f62d000-8f62e000 r--p 00042000 fc:00 657705     /usr/lib/i386-linux-gnu/libgssapi_krb5.so.2.2
8f62e000-8f62f000 rw-p 00043000 fc:00 657705     /usr/lib/i386-linux-gnu/libgssapi_krb5.so.2.2
8f62f000-8f64f000 r-xp 00000000 fc:00 661111     /usr/lib/i386-linux-gnu/libxcb.so.1.1.0
8f64f000-8f650000 r--p 0001f000 fc:00 661111     /usr/lib/i386-linux-gnu/libxcb.so.1.1.0
8f650000-8f651000 rw-p 00020000 fc:00 661111     /usr/lib/i386-linux-gnu/libxcb.so.1.1.0
8f651000-8f6a1000 r-xp 00000000 fc:00 661616     /usr/lib/i386-linux-gnu/libgobject-2.0.so.0.4002.0
8f6a1000-8f6a2000 r--p 0004f000 fc:00 661616     /usr/lib/i386-linux-gnu/libgobject-2.0.so.0.4002.0
8f6a2000-8f6a3000 rw-p 00050000 fc:00 661616     /usr/lib/i386-linux-gnu/libgobject-2.0.so.0.4002.0
8f6a3000-8f820000 r-xp 00000000 fc:00 661618     /usr/lib/i386-linux-gnu/libgio-2.0.so.0.4002.0
8f820000-8f822000 r--p 0017d000 fc:00 661618     /usr/lib/i386-linux-gnu/libgio-2.0.so.0.4002.0
8f822000-8f823000 rw-p 0017f000 fc:00 661618     /usr/lib/i386-linux-gnu/libgio-2.0.so.0.4002.0
8f823000-8f824000 rw-p 00000000 00:00 0 
8f824000-8f85d000 r-xp 00000000 fc:00 657753     /usr/lib/i386-linux-gnu/libfontconfig.so.1.8.0
8f85d000-8f85e000 r--p 00039000 fc:00 657753     /usr/lib/i386-linux-gnu/libfontconfig.so.1.8.0
8f85e000-8f85f000 rw-p 0003a000 fc:00 657753     /usr/lib/i386-linux-gnu/libfontconfig.so.1.8.0
8f85f000-8f8c6000 r-xp 00000000 fc:00 685986     /usr/lib/i386-linux-gnu/libcups.so.2
8f8c6000-8f8c7000 ---p 00067000 fc:00 685986     /usr/lib/i386-linux-gnu/libcups.so.2
8f8c7000-8f8cb000 r--p 00067000 fc:00 685986     /usr/lib/i386-linux-gnu/libcups.so.2
8f8cb000-8f8cc000 rw-p 0006b000 fc:00 685986     /usr/lib/i386-linux-gnu/libcups.so.2
8f8cc000-8f8db000 r-xp 00000000 fc:00 660182     /usr/lib/i386-linux-gnu/libXi.so.6.1.0
8f8db000-8f8dc000 r--p 0000e000 fc:00 660182     /usr/lib/i386-linux-gnu/libXi.so.6.1.0
8f8dc000-8f8dd000 rw-p 0000f000 fc:00 660182     /usr/lib/i386-linux-gnu/libXi.so.6.1.0
8f8dd000-8fa0d000 r-xp 00000000 fc:00 660157     /usr/lib/i386-linux-gnu/libX11.so.6.3.0
8fa0d000-8fa0e000 r--p 00130000 fc:00 660157     /usr/lib/i386-linux-gnu/libX11.so.6.3.0
8fa0e000-8fa10000 rw-p 00131000 fc:00 660157     /usr/lib/i386-linux-gnu/libX11.so.6.3.0
8fa10000-8fa11000 rw-p 00000000 00:00 0 
8fa11000-8fa59000 r-xp 00000000 fc:00 135015     /usr/lib/jvm/java-7-openjdk-i386/jre/lib/i386/xawt/libmawt.so
8fa59000-8fa5a000 r--p 00047000 fc:00 135015     /usr/lib/jvm/java-7-openjdk-i386/jre/lib/i386/xawt/libmawt.so
8fa5a000-8fa5c000 rw-p 00048000 fc:00 135015     /usr/lib/jvm/java-7-openjdk-i386/jre/lib/i386/xawt/libmawt.so
8fa5c000-8fa5d000 rw-p 00000000 00:00 0 
8fa5d000-8faec000 r-xp 00000000 fc:00 136090     /usr/lib/jvm/java-7-openjdk-i386/jre/lib/i386/libawt.so
8faec000-8faed000 r--p 0008f000 fc:00 136090     /usr/lib/jvm/java-7-openjdk-i386/jre/lib/i386/libawt.so
8faed000-8faf4000 rw-p 00090000 fc:00 136090     /usr/lib/jvm/java-7-openjdk-i386/jre/lib/i386/libawt.so
8faf4000-8fb18000 rw-p 00000000 00:00 0 
8fb18000-8fb19000 ---p 00000000 00:00 0 
8fb19000-8fb99000 rw-p 00000000 00:00 0          [stack:9576]
8fb99000-8fb9c000 ---p 00000000 00:00 0 
8fb9c000-8fbea000 rw-p 00000000 00:00 0          [stack:9575]
8fbea000-8fbed000 ---p 00000000 00:00 0 
8fbed000-8fc6b000 rw-p 00000000 00:00 0          [stack:9574]
8fc6b000-8fc6e000 ---p 00000000 00:00 0 
8fc6e000-8fcbc000 rw-p 00000000 00:00 0          [stack:9571]
8fcbc000-8fcbf000 ---p 00000000 00:00 0 
8fcbf000-8fd0d000 rw-p 00000000 00:00 0          [stack:9570]
8fd0d000-8fd10000 ---p 00000000 00:00 0 
8fd10000-8fd5e000 rw-p 00000000 00:00 0          [stack:9567]
8fd5e000-8fd61000 ---p 00000000 00:00 0 
8fd61000-8fdaf000 rw-p 00000000 00:00 0          [stack:9565]
8fdaf000-8fdb2000 ---p 00000000 00:00 0 
8fdb2000-8fe00000 rw-p 00000000 00:00 0          [stack:9563]
8fe00000-8fe32000 rw-p 00000000 00:00 0 
8fe32000-8ff00000 ---p 00000000 00:00 0 
8ff00000-8ff01000 rw-p 00000000 00:00 0 
8ff01000-8ff04000 r-xp 00000000 fc:00 661619     /usr/lib/i386-linux-gnu/libgmodule-2.0.so.0.4002.0
8ff04000-8ff05000 r--p 00002000 fc:00 661619     /usr/lib/i386-linux-gnu/libgmodule-2.0.so.0.4002.0
8ff05000-8ff06000 rw-p 00003000 fc:00 661619     /usr/lib/i386-linux-gnu/libgmodule-2.0.so.0.4002.0
8ff06000-8ff0b000 r-xp 00000000 fc:00 660202     /usr/lib/i386-linux-gnu/libXtst.so.6.1.0
8ff0b000-8ff0c000 r--p 00004000 fc:00 660202     /usr/lib/i386-linux-gnu/libXtst.so.6.1.0
8ff0c000-8ff0d000 rw-p 00005000 fc:00 660202     /usr/lib/i386-linux-gnu/libXtst.so.6.1.0
8ff0d000-8ff10000 ---p 00000000 00:00 0 
8ff10000-8ff5e000 rw-p 00000000 00:00 0          [stack:9562]
8ff5e000-8ff5f000 ---p 00000000 00:00 0 
8ff5f000-90028000 rw-p 00000000 00:00 0          [stack:9561]
90028000-901d9000 r--s 01d23000 fc:00 680397     /usr/lib/jvm/java-7-openjdk-i386/jre/lib/rt.jar
901d9000-9023a000 rw-p 00000000 00:00 0 
9023a000-902df000 rw-p 00000000 00:00 0 
902df000-902e2000 rw-p 00000000 00:00 0 
902e2000-90334000 rw-p 00000000 00:00 0 
90334000-9033a000 rw-p 00000000 00:00 0 
9033a000-903df000 rw-p 00000000 00:00 0 
903df000-903e5000 rw-p 00000000 00:00 0 
903e5000-903ff000 rw-p 00000000 00:00 0 
903ff000-90950000 rw-p 00000000 00:00 0 
90950000-9aea0000 rw-p 00000000 00:00 0 
9aea0000-9b950000 rw-p 00000000 00:00 0 
9b950000-b0400000 rw-p 00000000 00:00 0 
b0400000-b1000000 rw-p 00000000 00:00 0 
b1000000-b4400000 rw-p 00000000 00:00 0 
b4400000-b4402000 r-xp 00000000 fc:00 660161     /usr/lib/i386-linux-gnu/libXau.so.6.0.0
b4402000-b4403000 r--p 00001000 fc:00 660161     /usr/lib/i386-linux-gnu/libXau.so.6.0.0
b4403000-b4404000 rw-p 00002000 fc:00 660161     /usr/lib/i386-linux-gnu/libXau.so.6.0.0
b4404000-b440d000 r-xp 00000000 fc:00 660196     /usr/lib/i386-linux-gnu/libXrender.so.1.3.0
b440d000-b440e000 r--p 00008000 fc:00 660196     /usr/lib/i386-linux-gnu/libXrender.so.1.3.0
b440e000-b440f000 rw-p 00009000 fc:00 660196     /usr/lib/i386-linux-gnu/libXrender.so.1.3.0
b440f000-b4420000 r-xp 00000000 fc:00 660174     /usr/lib/i386-linux-gnu/libXext.so.6.4.0
b4420000-b4421000 r--p 00010000 fc:00 660174     /usr/lib/i386-linux-gnu/libXext.so.6.4.0
b4421000-b4422000 rw-p 00011000 fc:00 660174     /usr/lib/i386-linux-gnu/libXext.so.6.4.0
b4422000-b4423000 rw-p 00000000 00:00 0 
b4423000-b4425000 r--s 0000c000 fc:00 788090     /home/ssnyder/Desktop/eclipse/plugins/org.hamcrest.core_1.3.0.v201303031735.jar
b4425000-b4429000 r-xp 00000000 fc:00 660176     /usr/lib/i386-linux-gnu/libXfixes.so.3.1.0
b4429000-b442a000 r--p 00003000 fc:00 660176     /usr/lib/i386-linux-gnu/libXfixes.so.3.1.0
b442a000-b442b000 rw-p 00004000 fc:00 660176     /usr/lib/i386-linux-gnu/libXfixes.so.3.1.0
b442b000-b4434000 r--s 000b9000 fc:00 680396     /usr/lib/jvm/java-7-openjdk-i386/jre/lib/resources.jar
b4434000-b4437000 r--s 00086000 fc:00 136281     /usr/lib/jvm/java-7-openjdk-i386/jre/lib/ext/localedata.jar
b4437000-b443a000 r--s 0000f000 fc:00 136282     /usr/lib/jvm/java-7-openjdk-i386/jre/lib/ext/icedtea-sound.jar
b443a000-b443c000 r--s 00006000 fc:00 26692      /usr/share/java/java-atk-wrapper.jar
b443c000-b4440000 r--s 0003c000 fc:00 136286     /usr/lib/jvm/java-7-openjdk-i386/jre/lib/ext/sunpkcs11.jar
b4440000-b4442000 r--s 00012000 fc:00 136283     /usr/lib/jvm/java-7-openjdk-i386/jre/lib/ext/zipfs.jar
b4442000-b4446000 r--s 00034000 fc:00 136285     /usr/lib/jvm/java-7-openjdk-i386/jre/lib/ext/sunjce_provider.jar
b4446000-b444d000 rw-p 00000000 00:00 0 
b444d000-b4467000 rw-p 00000000 00:00 0 
b4467000-b446c000 rw-p 00000000 00:00 0 
b446c000-b44e7000 rw-p 00000000 00:00 0 
b44e7000-b45ff000 rwxp 00000000 00:00 0 
b45ff000-b64e7000 rw-p 00000000 00:00 0 
b64e7000-b64f2000 r-xp 00000000 fc:00 167875     /lib/i386-linux-gnu/libnss_files-2.19.so
b64f2000-b64f3000 r--p 0000a000 fc:00 167875     /lib/i386-linux-gnu/libnss_files-2.19.so
b64f3000-b64f4000 rw-p 0000b000 fc:00 167875     /lib/i386-linux-gnu/libnss_files-2.19.so
b64f4000-b64fe000 r-xp 00000000 fc:00 167857     /lib/i386-linux-gnu/libnss_nis-2.19.so
b64fe000-b64ff000 r--p 00009000 fc:00 167857     /lib/i386-linux-gnu/libnss_nis-2.19.so
b64ff000-b6500000 rw-p 0000a000 fc:00 167857     /lib/i386-linux-gnu/libnss_nis-2.19.so
b6500000-b6700000 r--p 00000000 fc:00 663035     /usr/lib/locale/locale-archive
b6700000-b67fb000 rw-p 00000000 00:00 0 
b67fb000-b6800000 ---p 00000000 00:00 0 
b6800000-b6801000 r--s 00002000 fc:00 136280     /usr/lib/jvm/java-7-openjdk-i386/jre/lib/ext/dnsns.jar
b6801000-b6805000 r-xp 00000000 fc:00 136095     /usr/lib/jvm/java-7-openjdk-i386/jre/lib/i386/libdt_socket.so
b6805000-b6806000 r--p 00003000 fc:00 136095     /usr/lib/jvm/java-7-openjdk-i386/jre/lib/i386/libdt_socket.so
b6806000-b6807000 rw-p 00004000 fc:00 136095     /usr/lib/jvm/java-7-openjdk-i386/jre/lib/i386/libdt_socket.so
b6807000-b681c000 r-xp 00000000 fc:00 167862     /lib/i386-linux-gnu/libnsl-2.19.so
b681c000-b681d000 r--p 00015000 fc:00 167862     /lib/i386-linux-gnu/libnsl-2.19.so
b681d000-b681e000 rw-p 00016000 fc:00 167862     /lib/i386-linux-gnu/libnsl-2.19.so
b681e000-b6820000 rw-p 00000000 00:00 0 
b6820000-b6827000 r-xp 00000000 fc:00 167867     /lib/i386-linux-gnu/libnss_compat-2.19.so
b6827000-b6828000 r--p 00006000 fc:00 167867     /lib/i386-linux-gnu/libnss_compat-2.19.so
b6828000-b6829000 rw-p 00007000 fc:00 167867     /lib/i386-linux-gnu/libnss_compat-2.19.so
b6829000-b6831000 r-xp 00000000 fc:00 136104     /usr/lib/jvm/java-7-openjdk-i386/jre/lib/i386/libzip.so
b6831000-b6832000 r--p 00007000 fc:00 136104     /usr/lib/jvm/java-7-openjdk-i386/jre/lib/i386/libzip.so
b6832000-b6833000 rw-p 00008000 fc:00 136104     /usr/lib/jvm/java-7-openjdk-i386/jre/lib/i386/libzip.so
b6833000-b683b000 rw-s 00000000 fc:00 661809     /tmp/hsperfdata_ssnyder/9554
b683b000-b683c000 r--p 0059a000 fc:00 663035     /usr/lib/locale/locale-archive
b683c000-b687b000 r--p 00277000 fc:00 663035     /usr/lib/locale/locale-archive
b687b000-b687e000 r-xp 00000000 fc:00 136100     /usr/lib/jvm/java-7-openjdk-i386/jre/lib/i386/libnpt.so
b687e000-b687f000 r--p 00002000 fc:00 136100     /usr/lib/jvm/java-7-openjdk-i386/jre/lib/i386/libnpt.so
b687f000-b6880000 rw-p 00003000 fc:00 136100     /usr/lib/jvm/java-7-openjdk-i386/jre/lib/i386/libnpt.so
b6880000-b68be000 r-xp 00000000 fc:00 136098     /usr/lib/jvm/java-7-openjdk-i386/jre/lib/i386/libjdwp.so
b68be000-b68bf000 r--p 0003d000 fc:00 136098     /usr/lib/jvm/java-7-openjdk-i386/jre/lib/i386/libjdwp.so
b68bf000-b68c0000 rw-p 0003e000 fc:00 136098     /usr/lib/jvm/java-7-openjdk-i386/jre/lib/i386/libjdwp.so
b68c0000-b68e7000 r-xp 00000000 fc:00 136091     /usr/lib/jvm/java-7-openjdk-i386/jre/lib/i386/libjava.so
b68e7000-b68e8000 r--p 00026000 fc:00 136091     /usr/lib/jvm/java-7-openjdk-i386/jre/lib/i386/libjava.so
b68e8000-b68e9000 rw-p 00027000 fc:00 136091     /usr/lib/jvm/java-7-openjdk-i386/jre/lib/i386/libjava.so
b68e9000-b68f0000 r-xp 00000000 fc:00 167876     /lib/i386-linux-gnu/librt-2.19.so
b68f0000-b68f1000 r--p 00006000 fc:00 167876     /lib/i386-linux-gnu/librt-2.19.so
b68f1000-b68f2000 rw-p 00007000 fc:00 167876     /lib/i386-linux-gnu/librt-2.19.so
b68f2000-b68f5000 ---p 00000000 00:00 0 
b68f5000-b6943000 rw-p 00000000 00:00 0          [stack:9556]
b6943000-b695f000 r-xp 00000000 fc:00 133638     /lib/i386-linux-gnu/libgcc_s.so.1
b695f000-b6960000 rw-p 0001b000 fc:00 133638     /lib/i386-linux-gnu/libgcc_s.so.1
b6960000-b69a4000 r-xp 00000000 fc:00 167866     /lib/i386-linux-gnu/libm-2.19.so
b69a4000-b69a5000 r--p 00043000 fc:00 167866     /lib/i386-linux-gnu/libm-2.19.so
b69a5000-b69a6000 rw-p 00044000 fc:00 167866     /lib/i386-linux-gnu/libm-2.19.so
b69a6000-b6a82000 r-xp 00000000 fc:00 660974     /usr/lib/i386-linux-gnu/libstdc++.so.6.0.19
b6a82000-b6a83000 ---p 000dc000 fc:00 660974     /usr/lib/i386-linux-gnu/libstdc++.so.6.0.19
b6a83000-b6a87000 r--p 000dc000 fc:00 660974     /usr/lib/i386-linux-gnu/libstdc++.so.6.0.19
b6a87000-b6a88000 rw-p 000e0000 fc:00 660974     /usr/lib/i386-linux-gnu/libstdc++.so.6.0.19
b6a88000-b6a8f000 rw-p 00000000 00:00 0 
b6a8f000-b70b9000 r-xp 00000000 fc:00 136131     /usr/lib/jvm/java-7-openjdk-i386/jre/lib/i386/client/libjvm.so
b70b9000-b70ba000 ---p 0062a000 fc:00 136131     /usr/lib/jvm/java-7-openjdk-i386/jre/lib/i386/client/libjvm.so
b70ba000-b70d0000 r--p 0062a000 fc:00 136131     /usr/lib/jvm/java-7-openjdk-i386/jre/lib/i386/client/libjvm.so
b70d0000-b70df000 rw-p 00640000 fc:00 136131     /usr/lib/jvm/java-7-openjdk-i386/jre/lib/i386/client/libjvm.so
b70df000-b74fa000 rw-p 00000000 00:00 0 
b74fa000-b7512000 r-xp 00000000 fc:00 134760     /lib/i386-linux-gnu/libz.so.1.2.8
b7512000-b7513000 r--p 00017000 fc:00 134760     /lib/i386-linux-gnu/libz.so.1.2.8
b7513000-b7514000 rw-p 00018000 fc:00 134760     /lib/i386-linux-gnu/libz.so.1.2.8
b7514000-b752c000 r-xp 00000000 fc:00 167871     /lib/i386-linux-gnu/libpthread-2.19.so
b752c000-b752d000 r--p 00018000 fc:00 167871     /lib/i386-linux-gnu/libpthread-2.19.so
b752d000-b752e000 rw-p 00019000 fc:00 167871     /lib/i386-linux-gnu/libpthread-2.19.so
b752e000-b7530000 rw-p 00000000 00:00 0 
b7530000-b7533000 r-xp 00000000 fc:00 167760     /lib/i386-linux-gnu/libdl-2.19.so
b7533000-b7534000 r--p 00002000 fc:00 167760     /lib/i386-linux-gnu/libdl-2.19.so
b7534000-b7535000 rw-p 00003000 fc:00 167760     /lib/i386-linux-gnu/libdl-2.19.so
b7535000-b76dd000 r-xp 00000000 fc:00 167759     /lib/i386-linux-gnu/libc-2.19.so
b76dd000-b76df000 r--p 001a8000 fc:00 167759     /lib/i386-linux-gnu/libc-2.19.so
b76df000-b76e0000 rw-p 001aa000 fc:00 167759     /lib/i386-linux-gnu/libc-2.19.so
b76e0000-b76e4000 rw-p 00000000 00:00 0 
b76e4000-b76e5000 r--p 00000000 00:00 0 
b76e5000-b76f3000 r-xp 00000000 fc:00 136103     /usr/lib/jvm/java-7-openjdk-i386/jre/lib/i386/libverify.so
b76f3000-b76f4000 r--p 0000d000 fc:00 136103     /usr/lib/jvm/java-7-openjdk-i386/jre/lib/i386/libverify.so
b76f4000-b76f5000 rw-p 0000e000 fc:00 136103     /usr/lib/jvm/java-7-openjdk-i386/jre/lib/i386/libverify.so
b76f5000-b7701000 r-xp 00000000 fc:00 136093     /usr/lib/jvm/java-7-openjdk-i386/jre/lib/i386/jli/libjli.so
b7701000-b7702000 r--p 0000c000 fc:00 136093     /usr/lib/jvm/java-7-openjdk-i386/jre/lib/i386/jli/libjli.so
b7702000-b7703000 rw-p 0000d000 fc:00 136093     /usr/lib/jvm/java-7-openjdk-i386/jre/lib/i386/jli/libjli.so
b7703000-b7706000 rw-p 00000000 00:00 0 
b7706000-b7707000 r-xp 00000000 00:00 0          [vdso]
b7707000-b7727000 r-xp 00000000 fc:00 167788     /lib/i386-linux-gnu/ld-2.19.so
b7727000-b7728000 r--p 0001f000 fc:00 167788     /lib/i386-linux-gnu/ld-2.19.so
b7728000-b7729000 rw-p 00020000 fc:00 167788     /lib/i386-linux-gnu/ld-2.19.so
bfea4000-bfea5000 rwxp 00000000 00:00 0 
bfed7000-bfef8000 rw-p 00000000 00:00 0          [stack]

VM Arguments:
jvm_args: -agentlib:jdwp=transport=dt_socket,suspend=y,address=localhost:52049 -Dfile.encoding=UTF-8 
java_command: client.recordIndexerGUI.RecordIndexer
Launcher Type: SUN_STANDARD

Environment Variables:
PATH=/usr/local/sbin:/usr/local/bin:/usr/sbin:/usr/bin:/sbin:/bin:/usr/games:/usr/local/games
LD_LIBRARY_PATH=/usr/lib/jvm/java-7-openjdk-i386/jre/lib/i386/client:/usr/lib/jvm/java-7-openjdk-i386/jre/lib/i386:
SHELL=/bin/bash
DISPLAY=:0.0

Signal Handlers:
SIGSEGV: [libjvm.so+0x4e6c30], sa_mask[0]=0x7ffbfeff, sa_flags=0x10000004
SIGBUS: [libjvm.so+0x4e6c30], sa_mask[0]=0x7ffbfeff, sa_flags=0x10000004
SIGFPE: [libjvm.so+0x3c5720], sa_mask[0]=0x7ffbfeff, sa_flags=0x10000004
SIGPIPE: [libjvm.so+0x3c5720], sa_mask[0]=0x7ffbfeff, sa_flags=0x10000004
SIGXFSZ: [libjvm.so+0x3c5720], sa_mask[0]=0x7ffbfeff, sa_flags=0x10000004
SIGILL: [libjvm.so+0x3c5720], sa_mask[0]=0x7ffbfeff, sa_flags=0x10000004
SIGUSR1: SIG_DFL, sa_mask[0]=0x00000000, sa_flags=0x00000000
SIGUSR2: [libjvm.so+0x3c55b0], sa_mask[0]=0x00000004, sa_flags=0x10000004
SIGHUP: [libjvm.so+0x3c57e0], sa_mask[0]=0x7ffbfeff, sa_flags=0x10000004
SIGINT: [libjvm.so+0x3c57e0], sa_mask[0]=0x7ffbfeff, sa_flags=0x10000004
SIGTERM: [libjvm.so+0x3c57e0], sa_mask[0]=0x7ffbfeff, sa_flags=0x10000004
SIGQUIT: [libjvm.so+0x3c57e0], sa_mask[0]=0x7ffbfeff, sa_flags=0x10000004
SIGTRAP: SIG_DFL, sa_mask[0]=0x00000000, sa_flags=0x00000000


---------------  S Y S T E M  ---------------

OS:Ubuntu 14.04 (trusty)
uname:Linux 3.13.0-46-generic #79-Ubuntu SMP Tue Mar 10 20:08:14 UTC 2015 i686
libc:glibc 2.19 NPTL 2.19 
rlimit: STACK 8192k, CORE 0k, NPROC 15970, NOFILE 4096, AS infinity
load average:0.24 0.10 0.07

/proc/meminfo:
MemTotal:        2064276 kB
MemFree:          815756 kB
Buffers:           63572 kB
Cached:           484024 kB
SwapCached:            0 kB
Active:           812576 kB
Inactive:         389804 kB
Active(anon):     655584 kB
Inactive(anon):     8120 kB
Active(file):     156992 kB
Inactive(file):   381684 kB
Unevictable:           0 kB
Mlocked:               0 kB
HighTotal:       1183688 kB
HighFree:         466636 kB
LowTotal:         880588 kB
LowFree:          349120 kB
SwapTotal:       2093052 kB
SwapFree:        2093052 kB
Dirty:               112 kB
Writeback:             0 kB
AnonPages:        654856 kB
Mapped:            87048 kB
Shmem:              8860 kB
Slab:              26224 kB
SReclaimable:      15752 kB
SUnreclaim:        10472 kB
KernelStack:        2584 kB
PageTables:         6284 kB
NFS_Unstable:          0 kB
Bounce:                0 kB
WritebackTmp:          0 kB
CommitLimit:     3125188 kB
Committed_AS:    1733188 kB
VmallocTotal:     122880 kB
VmallocUsed:       29484 kB
VmallocChunk:      89112 kB
HardwareCorrupted:     0 kB
AnonHugePages:    481280 kB
HugePages_Total:       0
HugePages_Free:        0
HugePages_Rsvd:        0
HugePages_Surp:        0
Hugepagesize:       2048 kB
DirectMap4k:       20472 kB
DirectMap2M:      892928 kB


CPU:total 1 (1 cores per cpu, 1 threads per core) family 6 model 58 stepping 9, cmov, cx8, fxsr, mmx, sse, sse2, sse3, ssse3, tsc

/proc/cpuinfo:
processor	: 0
vendor_id	: GenuineIntel
cpu family	: 6
model		: 58
model name	: Intel(R) Core(TM) i5-3230M CPU @ 2.60GHz
stepping	: 9
cpu MHz		: 2684.153
cache size	: 6144 KB
physical id	: 0
siblings	: 1
core id		: 0
cpu cores	: 1
apicid		: 0
initial apicid	: 0
fdiv_bug	: no
f00f_bug	: no
coma_bug	: no
fpu		: yes
fpu_exception	: yes
cpuid level	: 5
wp		: yes
flags		: fpu vme de pse tsc msr pae mce cx8 apic sep mtrr pge mca cmov pat pse36 clflush mmx fxsr sse sse2 syscall nx rdtscp lm constant_tsc pni monitor ssse3 lahf_lm
bogomips	: 5368.30
clflush size	: 64
cache_alignment	: 64
address sizes	: 36 bits physical, 48 bits virtual
power management:



Memory: 4k page, physical 2064276k(815756k free), swap 2093052k(2093052k free)

vm_info: OpenJDK Client VM (24.75-b04) for linux-x86 JRE (1.7.0_75-b13), built on Jan 27 2015 00:43:58 by "buildd" with gcc 4.8.2

time: Tue Mar 31 00:40:35 2015
elapsed time: 102 seconds

