#
# A fatal error has been detected by the Java Runtime Environment:
#
#  SIGSEGV (0xb) at pc=0xb6d2e668, pid=2822, tid=2413157184
#
# JRE version: OpenJDK Runtime Environment (7.0_75-b13) (build 1.7.0_75-b13)
# Java VM: OpenJDK Client VM (24.75-b04 mixed mode linux-x86 )
# Derivative: IcedTea 2.5.4
# Distribution: Ubuntu 14.04 LTS, package 7u75-2.5.4-1~trusty1
# Problematic frame:
# V  [libjvm.so+0x2ae668]  java_lang_String::utf8_length(oopDesc*)+0x58
#
# Failed to write core dump. Core dumps have been disabled. To enable core dumping, try "ulimit -c unlimited" before starting Java again
#
# If you would like to submit a bug report, please include
# instructions on how to reproduce the bug and visit:
#   http://icedtea.classpath.org/bugzilla
#

---------------  T H R E A D  ---------------

Current thread (0xb6781c00):  JavaThread "JDWP Transport Listener: dt_socket" daemon [_thread_in_vm, id=2835, stack(0x8fd0d000,0x8fd5e000)]

siginfo:si_signo=SIGSEGV: si_errno=0, si_code=1 (SEGV_MAPERR), si_addr=0x00000008

Registers:
EAX=0x90556330, EBX=0xb70c1000, ECX=0x00000000, EDX=0x00000000
ESP=0x8fd5cf40, EBP=0x8fd5cfd8, ESI=0x00000000, EDI=0x081e4258
EIP=0xb6d2e668, EFLAGS=0x00010246, CR2=0x00000008

Top of Stack: (sp=0x8fd5cf40)
0x8fd5cf40:   b6781c00 00000000 8fd5cf78 b689b89f
0x8fd5cf50:   b6d2e619 b70c1000 b6781c00 b6d3cd46
0x8fd5cf60:   90556330 00000001 b689b82b b68b0000
0x8fd5cf70:   081e4258 8fd5d02c 8fd5cfa8 90556330
0x8fd5cf80:   b6781c00 00000000 8fd5cfb8 00000000
0x8fd5cf90:   00000190 b6774d80 b689ac5b b68b0000
0x8fd5cfa0:   b6781d28 081e4258 8fd5cfd8 b687a20c
0x8fd5cfb0:   b6781d28 081e4258 00000000 b688f96c 

Instructions: (pc=0xb6d2e668)
0xb6d2e648:   10 8d 4c 4e 0c 31 c0 85 d2 0f 45 c1 89 54 24 04
0xb6d2e658:   89 04 24 e8 a0 a7 21 00 83 c4 14 5b 5e c3 66 90
0xb6d2e668:   8b 56 08 eb dc 90 66 90 56 31 c9 53 e8 07 39 d9
0xb6d2e678:   ff 81 c3 87 29 39 00 83 ec 14 8b 44 24 20 8b 93 

Register to memory mapping:

EAX=
[error occurred during error reporting (printing register info), id 0xb]

Stack: [0x8fd0d000,0x8fd5e000],  sp=0x8fd5cf40,  free space=319k
Native frames: (J=compiled Java code, j=interpreted, Vv=VM code, C=native code)
V  [libjvm.so+0x2ae668]  java_lang_String::utf8_length(oopDesc*)+0x58
C  [libjdwp.so+0x12689]
C  [libjdwp.so+0x25aaf]
C  [libjdwp.so+0x25f4c]


---------------  P R O C E S S  ---------------

Java Threads: ( => current thread )
  0x084b2400 JavaThread "SwingWorker-pool-1-thread-1" daemon [_thread_blocked, id=2854, stack(0x8ebcb000,0x8ec1c000)]
  0x08429000 JavaThread "TimerQueue" daemon [_thread_blocked, id=2852, stack(0x8ec89000,0x8ecda000)]
  0xb6709000 JavaThread "DestroyJavaVM" [_thread_blocked, id=2823, stack(0xb68e3000,0xb6934000)]
  0x8ef21000 JavaThread "AWT-EventQueue-0" [_thread_blocked, id=2848, stack(0x8edbc000,0x8ee0d000)]
  0x8ef1f400 JavaThread "AWT-Shutdown" [_thread_blocked, id=2847, stack(0x8ee0d000,0x8ee5e000)]
  0x8ef1cc00 JavaThread "AWT-XAWT" daemon [_thread_in_native, id=2846, stack(0x8ee5e000,0x8eeaf000)]
  0x8ef0ac00 JavaThread "Java2D Disposer" daemon [_thread_blocked, id=2845, stack(0x8eeaf000,0x8ef00000)]
  0xb6788000 JavaThread "Service Thread" daemon [_thread_blocked, id=2842, stack(0x8fb99000,0x8fbea000)]
  0xb6786000 JavaThread "C1 CompilerThread0" daemon [_thread_blocked, id=2841, stack(0x8fbea000,0x8fc6b000)]
  0x08113400 JavaThread "JDWP Command Reader" daemon [_thread_in_native, id=2839, stack(0x8fc6b000,0x8fcbc000)]
  0xb6784400 JavaThread "JDWP Event Helper Thread" daemon [_thread_blocked, id=2838, stack(0x8fcbc000,0x8fd0d000)]
=>0xb6781c00 JavaThread "JDWP Transport Listener: dt_socket" daemon [_thread_in_vm, id=2835, stack(0x8fd0d000,0x8fd5e000)]
  0xb6779400 JavaThread "Signal Dispatcher" daemon [_thread_blocked, id=2833, stack(0x8fd5e000,0x8fdaf000)]
  0xb6766c00 JavaThread "Finalizer" daemon [_thread_blocked, id=2831, stack(0x8fdaf000,0x8fe00000)]
  0xb6765400 JavaThread "Reference Handler" daemon [_thread_blocked, id=2830, stack(0x8ff0d000,0x8ff5e000)]

Other Threads:
  0xb6762c00 VMThread [stack: 0x8ff5e000,0x8ffdf000] [id=2829]
  0xb678a800 WatcherThread [stack: 0x8fb18000,0x8fb99000] [id=2843]

VM state:not at safepoint (normal execution)

VM Mutex/Monitor currently owned by a thread: None

Heap
 def new generation   total 4928K, used 1933K [0x90400000, 0x90950000, 0x9aea0000)
  eden space 4416K,  32% used [0x90400000, 0x905634b8, 0x90850000)
  from space 512K, 100% used [0x908d0000, 0x90950000, 0x90950000)
  to   space 512K,   0% used [0x90850000, 0x90850000, 0x908d0000)
 tenured generation   total 10944K, used 3667K [0x9aea0000, 0x9b950000, 0xb0400000)
   the space 10944K,  33% used [0x9aea0000, 0x9b234d30, 0x9b234e00, 0x9b950000)
 compacting perm gen  total 13056K, used 13010K [0xb0400000, 0xb10c0000, 0xb4400000)
   the space 13056K,  99% used [0xb0400000, 0xb10b4bd8, 0xb10b4c00, 0xb10c0000)
No shared spaces configured.

Card table byte_map: [0x902df000,0x90400000] byte_map_base: 0x8fe5d000

Polling page: 0xb76d5000

Code Cache  [0xb44da000, 0xb45fa000, 0xb64da000)
 total_blobs=599 nmethods=345 adapters=198 free_code_cache=31627Kb largest_free_block=32385920

Compilation events (10 events):
Event: 6.430 Thread 0xb6786000  344             java.util.concurrent.ConcurrentHashMap::get (141 bytes)
Event: 6.430 Thread 0xb6786000 nmethod 344 0xb45f53c8 code [0xb45f54f0, 0xb45f56f4]
Event: 6.665 Thread 0xb6786000  346             javax.swing.JComponent::contains (27 bytes)
Event: 6.666 Thread 0xb6786000 nmethod 346 0xb45f5b48 code [0xb45f5c40, 0xb45f5d70]
Event: 6.813 Thread 0xb6786000  347             java.security.AccessControlContext::optimize (319 bytes)
Event: 6.815 Thread 0xb6786000 nmethod 347 0xb45f5e08 code [0xb45f5f90, 0xb45f65d8]
Event: 8.496 Thread 0xb6786000  348             java.lang.Thread::isInterrupted (6 bytes)
Event: 8.496 Thread 0xb6786000 nmethod 348 0xb45f6c88 code [0xb45f6d80, 0xb45f6e1c]
Event: 8.635 Thread 0xb6786000  349  s!         java.awt.Toolkit::getDefaultToolkit (43 bytes)
Event: 8.636 Thread 0xb6786000 nmethod 349 0xb45f6e88 code [0xb45f7000, 0xb45f72b4]

GC Heap History (6 events):
Event: 0.678 GC heap before
{Heap before GC invocations=0 (full 0):
 def new generation   total 4928K, used 4416K [0x90400000, 0x90950000, 0x9aea0000)
  eden space 4416K, 100% used [0x90400000, 0x90850000, 0x90850000)
  from space 512K,   0% used [0x90850000, 0x90850000, 0x908d0000)
  to   space 512K,   0% used [0x908d0000, 0x908d0000, 0x90950000)
 tenured generation   total 10944K, used 0K [0x9aea0000, 0x9b950000, 0xb0400000)
   the space 10944K,   0% used [0x9aea0000, 0x9aea0000, 0x9aea0200, 0x9b950000)
 compacting perm gen  total 12288K, used 5877K [0xb0400000, 0xb1000000, 0xb4400000)
   the space 12288K,  47% used [0xb0400000, 0xb09bd6d8, 0xb09bd800, 0xb1000000)
No shared spaces configured.
Event: 0.683 GC heap after
Heap after GC invocations=1 (full 0):
 def new generation   total 4928K, used 512K [0x90400000, 0x90950000, 0x9aea0000)
  eden space 4416K,   0% used [0x90400000, 0x90400000, 0x90850000)
  from space 512K, 100% used [0x908d0000, 0x90950000, 0x90950000)
  to   space 512K,   0% used [0x90850000, 0x90850000, 0x908d0000)
 tenured generation   total 10944K, used 827K [0x9aea0000, 0x9b950000, 0xb0400000)
   the space 10944K,   7% used [0x9aea0000, 0x9af6ef00, 0x9af6f000, 0x9b950000)
 compacting perm gen  total 12288K, used 5877K [0xb0400000, 0xb1000000, 0xb4400000)
   the space 12288K,  47% used [0xb0400000, 0xb09bd6d8, 0xb09bd800, 0xb1000000)
No shared spaces configured.
}
Event: 1.168 GC heap before
{Heap before GC invocations=1 (full 0):
 def new generation   total 4928K, used 4928K [0x90400000, 0x90950000, 0x9aea0000)
  eden space 4416K, 100% used [0x90400000, 0x90850000, 0x90850000)
  from space 512K, 100% used [0x908d0000, 0x90950000, 0x90950000)
  to   space 512K,   0% used [0x90850000, 0x90850000, 0x908d0000)
 tenured generation   total 10944K, used 827K [0x9aea0000, 0x9b950000, 0xb0400000)
   the space 10944K,   7% used [0x9aea0000, 0x9af6ef00, 0x9af6f000, 0x9b950000)
 compacting perm gen  total 12288K, used 10416K [0xb0400000, 0xb1000000, 0xb4400000)
   the space 12288K,  84% used [0xb0400000, 0xb0e2c2b0, 0xb0e2c400, 0xb1000000)
No shared spaces configured.
Event: 1.179 GC heap after
Heap after GC invocations=2 (full 0):
 def new generation   total 4928K, used 512K [0x90400000, 0x90950000, 0x9aea0000)
  eden space 4416K,   0% used [0x90400000, 0x90400000, 0x90850000)
  from space 512K, 100% used [0x90850000, 0x908d0000, 0x908d0000)
  to   space 512K,   0% used [0x908d0000, 0x908d0000, 0x90950000)
 tenured generation   total 10944K, used 2168K [0x9aea0000, 0x9b950000, 0xb0400000)
   the space 10944K,  19% used [0x9aea0000, 0x9b0be110, 0x9b0be200, 0x9b950000)
 compacting perm gen  total 12288K, used 10416K [0xb0400000, 0xb1000000, 0xb4400000)
   the space 12288K,  84% used [0xb0400000, 0xb0e2c2b0, 0xb0e2c400, 0xb1000000)
No shared spaces configured.
}
Event: 5.604 GC heap before
{Heap before GC invocations=2 (full 0):
 def new generation   total 4928K, used 4464K [0x90400000, 0x90950000, 0x9aea0000)
  eden space 4416K,  89% used [0x90400000, 0x907dc270, 0x90850000)
  from space 512K, 100% used [0x90850000, 0x908d0000, 0x908d0000)
  to   space 512K,   0% used [0x908d0000, 0x908d0000, 0x90950000)
 tenured generation   total 10944K, used 2168K [0x9aea0000, 0x9b950000, 0xb0400000)
   the space 10944K,  19% used [0x9aea0000, 0x9b0be110, 0x9b0be200, 0x9b950000)
 compacting perm gen  total 13056K, used 12864K [0xb0400000, 0xb10c0000, 0xb4400000)
   the space 13056K,  98% used [0xb0400000, 0xb10903c8, 0xb1090400, 0xb10c0000)
No shared spaces configured.
Event: 5.616 GC heap after
Heap after GC invocations=3 (full 0):
 def new generation   total 4928K, used 512K [0x90400000, 0x90950000, 0x9aea0000)
  eden space 4416K,   0% used [0x90400000, 0x90400000, 0x90850000)
  from space 512K, 100% used [0x908d0000, 0x90950000, 0x90950000)
  to   space 512K,   0% used [0x90850000, 0x90850000, 0x908d0000)
 tenured generation   total 10944K, used 3667K [0x9aea0000, 0x9b950000, 0xb0400000)
   the space 10944K,  33% used [0x9aea0000, 0x9b234d30, 0x9b234e00, 0x9b950000)
 compacting perm gen  total 13056K, used 12864K [0xb0400000, 0xb10c0000, 0xb4400000)
   the space 13056K,  98% used [0xb0400000, 0xb10903c8, 0xb1090400, 0xb10c0000)
No shared spaces configured.
}

Deoptimization events (0 events):
No events

Internal exceptions (10 events):
Event: 5.569 Thread 0x8ef21000 Threw 0x9078f358 at /build/buildd/openjdk-7-7u75-2.5.4/build/openjdk/hotspot/src/share/vm/prims/jvm.cpp:1284
Event: 5.572 Thread 0x8ef21000 Threw 0x90793ef0 at /build/buildd/openjdk-7-7u75-2.5.4/build/openjdk/hotspot/src/share/vm/prims/jvm.cpp:1284
Event: 5.573 Thread 0x8ef21000 Threw 0x907993b8 at /build/buildd/openjdk-7-7u75-2.5.4/build/openjdk/hotspot/src/share/vm/prims/jvm.cpp:1284
Event: 5.573 Thread 0x8ef21000 Threw 0x9079d0a8 at /build/buildd/openjdk-7-7u75-2.5.4/build/openjdk/hotspot/src/share/vm/prims/jvm.cpp:1284
Event: 5.581 Thread 0x8ef21000 Threw 0x907a5120 at /build/buildd/openjdk-7-7u75-2.5.4/build/openjdk/hotspot/src/share/vm/prims/jvm.cpp:1284
Event: 5.583 Thread 0x8ef21000 Threw 0x907b24b8 at /build/buildd/openjdk-7-7u75-2.5.4/build/openjdk/hotspot/src/share/vm/prims/jvm.cpp:1284
Event: 5.651 Thread 0x8ef21000 Threw 0x9051b0d8 at /build/buildd/openjdk-7-7u75-2.5.4/build/openjdk/hotspot/src/share/vm/prims/jni.cpp:747
Event: 20.272 Thread 0x8ef21000 Threw 0x90556040 at /build/buildd/openjdk-7-7u75-2.5.4/build/openjdk/hotspot/src/share/vm/interpreter/linkResolver.cpp:895
Event: 20.272 Thread 0x8ef21000 Threw 0x90556040 at /build/buildd/openjdk-7-7u75-2.5.4/build/openjdk/hotspot/src/share/vm/prims/jvm.cpp:1288
Event: 20.272 Thread 0x8ef21000 Threw 0x90556040 at /build/buildd/openjdk-7-7u75-2.5.4/build/openjdk/hotspot/src/share/vm/prims/jvm.cpp:1288

Events (10 events):
Event: 41.169 Executing VM operation: EnterInterpOnlyMode
Event: 41.169 Executing VM operation: EnterInterpOnlyMode done
Event: 41.169 Executing VM operation: GetCurrentLocation
Event: 41.169 Executing VM operation: GetCurrentLocation done
Event: 41.169 Executing VM operation: ChangeSingleStep
Event: 41.169 Executing VM operation: ChangeSingleStep done
Event: 41.170 Executing VM operation: ChangeSingleStep
Event: 41.170 Executing VM operation: ChangeSingleStep done
Event: 41.176 Executing VM operation: GetOrSetLocal
Event: 41.176 Executing VM operation: GetOrSetLocal done


Dynamic libraries:
08048000-08049000 r-xp 00000000 fc:00 135783     /usr/lib/jvm/java-7-openjdk-i386/jre/bin/java
08049000-0804a000 r--p 00000000 fc:00 135783     /usr/lib/jvm/java-7-openjdk-i386/jre/bin/java
0804a000-0804b000 rw-p 00001000 fc:00 135783     /usr/lib/jvm/java-7-openjdk-i386/jre/bin/java
0810d000-08602000 rw-p 00000000 00:00 0          [heap]
8eaed000-8ebcb000 rw-p 00000000 00:00 0 
8ebcb000-8ebce000 ---p 00000000 00:00 0 
8ebce000-8ec1c000 rw-p 00000000 00:00 0          [stack:2854]
8ec1c000-8ec20000 r--s 0004d000 fc:00 680375     /usr/lib/jvm/java-7-openjdk-i386/jre/lib/jsse.jar
8ec2f000-8ec38000 rw-s 00000000 00:04 3244044    /SYSV00000000 (deleted)
8ec38000-8ec3b000 ---p 00000000 00:00 0 
8ec3b000-8ec89000 rw-p 00000000 00:00 0 
8ec89000-8ec8c000 ---p 00000000 00:00 0 
8ec8c000-8ecda000 rw-p 00000000 00:00 0          [stack:2852]
8ecda000-8ecdd000 ---p 00000000 00:00 0 
8ecdd000-8ed2b000 rw-p 00000000 00:00 0 
8ed2b000-8ed7b000 r-xp 00000000 fc:00 136115     /usr/lib/jvm/java-7-openjdk-i386/jre/lib/i386/libfontmanager.so
8ed7b000-8ed7d000 r--p 0004f000 fc:00 136115     /usr/lib/jvm/java-7-openjdk-i386/jre/lib/i386/libfontmanager.so
8ed7d000-8ed7e000 rw-p 00051000 fc:00 136115     /usr/lib/jvm/java-7-openjdk-i386/jre/lib/i386/libfontmanager.so
8ed7e000-8ed95000 r-xp 00000000 fc:00 136109     /usr/lib/jvm/java-7-openjdk-i386/jre/lib/i386/libnet.so
8ed95000-8ed96000 r--p 00017000 fc:00 136109     /usr/lib/jvm/java-7-openjdk-i386/jre/lib/i386/libnet.so
8ed96000-8ed97000 rw-p 00018000 fc:00 136109     /usr/lib/jvm/java-7-openjdk-i386/jre/lib/i386/libnet.so
8ed97000-8edbc000 r--s 001cc000 fc:00 794126     /home/ssnyder/eclipseWorkspace/RecordIndexer/lib/checkstyle-5.3-all.jar
8edbc000-8edbf000 ---p 00000000 00:00 0 
8edbf000-8ee0d000 rw-p 00000000 00:00 0          [stack:2848]
8ee0d000-8ee10000 ---p 00000000 00:00 0 
8ee10000-8ee5e000 rw-p 00000000 00:00 0          [stack:2847]
8ee5e000-8ee61000 ---p 00000000 00:00 0 
8ee61000-8eeaf000 rw-p 00000000 00:00 0          [stack:2846]
8eeaf000-8eeb2000 ---p 00000000 00:00 0 
8eeb2000-8ef00000 rw-p 00000000 00:00 0          [stack:2845]
8ef00000-8ef48000 rw-p 00000000 00:00 0 
8ef48000-8f000000 ---p 00000000 00:00 0 
8f006000-8f017000 r-xp 00000000 fc:00 136101     /usr/lib/jvm/java-7-openjdk-i386/jre/lib/i386/libnio.so
8f017000-8f018000 r--p 00010000 fc:00 136101     /usr/lib/jvm/java-7-openjdk-i386/jre/lib/i386/libnio.so
8f018000-8f019000 rw-p 00011000 fc:00 136101     /usr/lib/jvm/java-7-openjdk-i386/jre/lib/i386/libnio.so
8f019000-8f01d000 r--s 0002a000 fc:00 794079     /home/ssnyder/eclipseWorkspace/RecordIndexer/lib/commons-io-2.4.jar
8f01d000-8f029000 r--s 0006a000 fc:00 794125     /home/ssnyder/eclipseWorkspace/RecordIndexer/lib/xstream-1.4.2.jar
8f029000-8f032000 r-xp 00000000 fc:00 660168     /usr/lib/i386-linux-gnu/libXcursor.so.1.0.2
8f032000-8f033000 r--p 00008000 fc:00 660168     /usr/lib/i386-linux-gnu/libXcursor.so.1.0.2
8f033000-8f034000 rw-p 00009000 fc:00 660168     /usr/lib/i386-linux-gnu/libXcursor.so.1.0.2
8f035000-8f03b000 r--s 00034000 fc:00 794127     /home/ssnyder/eclipseWorkspace/RecordIndexer/lib/junit-4.8.2.jar
8f03b000-8f040000 r--s 00309000 fc:00 794124     /home/ssnyder/eclipseWorkspace/RecordIndexer/lib/sqlite-jdbc-3.7.2.jar
8f040000-8f046000 r--s 00036000 fc:00 145739     /home/ssnyder/Desktop/eclipse/plugins/org.junit_4.11.0.v201303080030/junit.jar
8f046000-8f049000 r-xp 00000000 fc:00 134632     /lib/i386-linux-gnu/libgpg-error.so.0.10.0
8f049000-8f04a000 r--p 00002000 fc:00 134632     /lib/i386-linux-gnu/libgpg-error.so.0.10.0
8f04a000-8f04b000 rw-p 00003000 fc:00 134632     /lib/i386-linux-gnu/libgpg-error.so.0.10.0
8f04b000-8f04d000 r-xp 00000000 fc:00 134642     /lib/i386-linux-gnu/libkeyutils.so.1.4
8f04d000-8f04e000 r--p 00002000 fc:00 134642     /lib/i386-linux-gnu/libkeyutils.so.1.4
8f04e000-8f04f000 rw-p 00003000 fc:00 134642     /lib/i386-linux-gnu/libkeyutils.so.1.4
8f04f000-8f08b000 r-xp 00000000 fc:00 134702     /lib/i386-linux-gnu/libpcre.so.3.13.1
8f08b000-8f08c000 r--p 0003b000 fc:00 134702     /lib/i386-linux-gnu/libpcre.so.3.13.1
8f08c000-8f08d000 rw-p 0003c000 fc:00 134702     /lib/i386-linux-gnu/libpcre.so.3.13.1
8f08d000-8f0b3000 r-xp 00000000 fc:00 134714     /lib/i386-linux-gnu/libpng12.so.0.50.0
8f0b3000-8f0b4000 r--p 00025000 fc:00 134714     /lib/i386-linux-gnu/libpng12.so.0.50.0
8f0b4000-8f0b5000 rw-p 00026000 fc:00 134714     /lib/i386-linux-gnu/libpng12.so.0.50.0
8f0b5000-8f0fe000 r-xp 00000000 fc:00 137295     /lib/i386-linux-gnu/libdbus-1.so.3.7.6
8f0fe000-8f0ff000 r--p 00048000 fc:00 137295     /lib/i386-linux-gnu/libdbus-1.so.3.7.6
8f0ff000-8f100000 rw-p 00049000 fc:00 137295     /lib/i386-linux-gnu/libdbus-1.so.3.7.6
8f100000-8f137000 r-xp 00000000 fc:00 660817     /usr/lib/i386-linux-gnu/libp11-kit.so.0.0.0
8f137000-8f138000 ---p 00037000 fc:00 660817     /usr/lib/i386-linux-gnu/libp11-kit.so.0.0.0
8f138000-8f13b000 r--p 00037000 fc:00 660817     /usr/lib/i386-linux-gnu/libp11-kit.so.0.0.0
8f13b000-8f13c000 rw-p 0003a000 fc:00 660817     /usr/lib/i386-linux-gnu/libp11-kit.so.0.0.0
8f13c000-8f14e000 r-xp 00000000 fc:00 657556     /usr/lib/i386-linux-gnu/libtasn1.so.6.2.0
8f14e000-8f14f000 r--p 00011000 fc:00 657556     /usr/lib/i386-linux-gnu/libtasn1.so.6.2.0
8f14f000-8f150000 rw-p 00012000 fc:00 657556     /usr/lib/i386-linux-gnu/libtasn1.so.6.2.0
8f150000-8f1d2000 r-xp 00000000 fc:00 138861     /lib/i386-linux-gnu/libgcrypt.so.11.8.2
8f1d2000-8f1d3000 ---p 00082000 fc:00 138861     /lib/i386-linux-gnu/libgcrypt.so.11.8.2
8f1d3000-8f1d4000 r--p 00082000 fc:00 138861     /lib/i386-linux-gnu/libgcrypt.so.11.8.2
8f1d4000-8f1d6000 rw-p 00083000 fc:00 138861     /lib/i386-linux-gnu/libgcrypt.so.11.8.2
8f1d6000-8f1d7000 rw-p 00000000 00:00 0 
8f1d7000-8f1e1000 r-xp 00000000 fc:00 657755     /usr/lib/i386-linux-gnu/libkrb5support.so.0.1
8f1e1000-8f1e2000 r--p 00009000 fc:00 657755     /usr/lib/i386-linux-gnu/libkrb5support.so.0.1
8f1e2000-8f1e3000 rw-p 0000a000 fc:00 657755     /usr/lib/i386-linux-gnu/libkrb5support.so.0.1
8f1e3000-8f1e6000 r-xp 00000000 fc:00 132449     /lib/i386-linux-gnu/libcom_err.so.2.1
8f1e6000-8f1e7000 r--p 00002000 fc:00 132449     /lib/i386-linux-gnu/libcom_err.so.2.1
8f1e7000-8f1e8000 rw-p 00003000 fc:00 132449     /lib/i386-linux-gnu/libcom_err.so.2.1
8f1e8000-8f216000 r-xp 00000000 fc:00 657669     /usr/lib/i386-linux-gnu/libk5crypto.so.3.1
8f216000-8f217000 r--p 0002d000 fc:00 657669     /usr/lib/i386-linux-gnu/libk5crypto.so.3.1
8f217000-8f218000 rw-p 0002e000 fc:00 657669     /usr/lib/i386-linux-gnu/libk5crypto.so.3.1
8f218000-8f2cf000 r-xp 00000000 fc:00 657728     /usr/lib/i386-linux-gnu/libkrb5.so.3.3
8f2cf000-8f2d5000 r--p 000b7000 fc:00 657728     /usr/lib/i386-linux-gnu/libkrb5.so.3.3
8f2d5000-8f2d6000 rw-p 000bd000 fc:00 657728     /usr/lib/i386-linux-gnu/libkrb5.so.3.3
8f2d6000-8f2db000 r-xp 00000000 fc:00 660172     /usr/lib/i386-linux-gnu/libXdmcp.so.6.0.0
8f2db000-8f2dc000 r--p 00004000 fc:00 660172     /usr/lib/i386-linux-gnu/libXdmcp.so.6.0.0
8f2dc000-8f2dd000 rw-p 00005000 fc:00 660172     /usr/lib/i386-linux-gnu/libXdmcp.so.6.0.0
8f2dd000-8f2df000 r-xp 00000000 fc:00 660161     /usr/lib/i386-linux-gnu/libXau.so.6.0.0
8f2df000-8f2e0000 r--p 00001000 fc:00 660161     /usr/lib/i386-linux-gnu/libXau.so.6.0.0
8f2e0000-8f2e1000 rw-p 00002000 fc:00 660161     /usr/lib/i386-linux-gnu/libXau.so.6.0.0
8f2e1000-8f2e6000 r-xp 00000000 fc:00 660417     /usr/lib/i386-linux-gnu/libffi.so.6.0.1
8f2e6000-8f2e7000 r--p 00005000 fc:00 660417     /usr/lib/i386-linux-gnu/libffi.so.6.0.1
8f2e7000-8f2e8000 rw-p 00006000 fc:00 660417     /usr/lib/i386-linux-gnu/libffi.so.6.0.1
8f2e8000-8f2fb000 r-xp 00000000 fc:00 167873     /lib/i386-linux-gnu/libresolv-2.19.so
8f2fb000-8f2fc000 ---p 00013000 fc:00 167873     /lib/i386-linux-gnu/libresolv-2.19.so
8f2fc000-8f2fd000 r--p 00013000 fc:00 167873     /lib/i386-linux-gnu/libresolv-2.19.so
8f2fd000-8f2fe000 rw-p 00014000 fc:00 167873     /lib/i386-linux-gnu/libresolv-2.19.so
8f2fe000-8f300000 rw-p 00000000 00:00 0 
8f300000-8f320000 r-xp 00000000 fc:00 134638     /lib/i386-linux-gnu/libselinux.so.1
8f320000-8f321000 r--p 0001f000 fc:00 134638     /lib/i386-linux-gnu/libselinux.so.1
8f321000-8f322000 rw-p 00020000 fc:00 134638     /lib/i386-linux-gnu/libselinux.so.1
8f322000-8f323000 rw-p 00000000 00:00 0 
8f323000-8f42d000 r-xp 00000000 fc:00 134606     /lib/i386-linux-gnu/libglib-2.0.so.0.4002.0
8f42d000-8f42e000 r--p 00109000 fc:00 134606     /lib/i386-linux-gnu/libglib-2.0.so.0.4002.0
8f42e000-8f42f000 rw-p 0010a000 fc:00 134606     /lib/i386-linux-gnu/libglib-2.0.so.0.4002.0
8f42f000-8f432000 r-xp 00000000 fc:00 661619     /usr/lib/i386-linux-gnu/libgmodule-2.0.so.0.4002.0
8f432000-8f433000 r--p 00002000 fc:00 661619     /usr/lib/i386-linux-gnu/libgmodule-2.0.so.0.4002.0
8f433000-8f434000 rw-p 00003000 fc:00 661619     /usr/lib/i386-linux-gnu/libgmodule-2.0.so.0.4002.0
8f434000-8f459000 r-xp 00000000 fc:00 134621     /lib/i386-linux-gnu/libexpat.so.1.6.0
8f459000-8f45a000 ---p 00025000 fc:00 134621     /lib/i386-linux-gnu/libexpat.so.1.6.0
8f45a000-8f45c000 r--p 00025000 fc:00 134621     /lib/i386-linux-gnu/libexpat.so.1.6.0
8f45c000-8f45d000 rw-p 00027000 fc:00 134621     /lib/i386-linux-gnu/libexpat.so.1.6.0
8f45d000-8f4f8000 r-xp 00000000 fc:00 662682     /usr/lib/i386-linux-gnu/libfreetype.so.6.11.1
8f4f8000-8f4fc000 r--p 0009a000 fc:00 662682     /usr/lib/i386-linux-gnu/libfreetype.so.6.11.1
8f4fc000-8f4fd000 rw-p 0009e000 fc:00 662682     /usr/lib/i386-linux-gnu/libfreetype.so.6.11.1
8f4fd000-8f50d000 r-xp 00000000 fc:00 660258     /usr/lib/i386-linux-gnu/libavahi-client.so.3.2.9
8f50d000-8f50e000 r--p 0000f000 fc:00 660258     /usr/lib/i386-linux-gnu/libavahi-client.so.3.2.9
8f50e000-8f50f000 rw-p 00010000 fc:00 660258     /usr/lib/i386-linux-gnu/libavahi-client.so.3.2.9
8f50f000-8f51b000 r-xp 00000000 fc:00 660260     /usr/lib/i386-linux-gnu/libavahi-common.so.3.5.3
8f51b000-8f51c000 r--p 0000b000 fc:00 660260     /usr/lib/i386-linux-gnu/libavahi-common.so.3.5.3
8f51c000-8f51d000 rw-p 0000c000 fc:00 660260     /usr/lib/i386-linux-gnu/libavahi-common.so.3.5.3
8f51d000-8f5de000 r-xp 00000000 fc:00 663083     /usr/lib/i386-linux-gnu/libgnutls.so.26.22.6
8f5de000-8f5e2000 r--p 000c0000 fc:00 663083     /usr/lib/i386-linux-gnu/libgnutls.so.26.22.6
8f5e2000-8f5e3000 rw-p 000c4000 fc:00 663083     /usr/lib/i386-linux-gnu/libgnutls.so.26.22.6
8f5e3000-8f626000 r-xp 00000000 fc:00 657705     /usr/lib/i386-linux-gnu/libgssapi_krb5.so.2.2
8f626000-8f627000 r--p 00042000 fc:00 657705     /usr/lib/i386-linux-gnu/libgssapi_krb5.so.2.2
8f627000-8f628000 rw-p 00043000 fc:00 657705     /usr/lib/i386-linux-gnu/libgssapi_krb5.so.2.2
8f628000-8f648000 r-xp 00000000 fc:00 661111     /usr/lib/i386-linux-gnu/libxcb.so.1.1.0
8f648000-8f649000 r--p 0001f000 fc:00 661111     /usr/lib/i386-linux-gnu/libxcb.so.1.1.0
8f649000-8f64a000 rw-p 00020000 fc:00 661111     /usr/lib/i386-linux-gnu/libxcb.so.1.1.0
8f64a000-8f69a000 r-xp 00000000 fc:00 661616     /usr/lib/i386-linux-gnu/libgobject-2.0.so.0.4002.0
8f69a000-8f69b000 r--p 0004f000 fc:00 661616     /usr/lib/i386-linux-gnu/libgobject-2.0.so.0.4002.0
8f69b000-8f69c000 rw-p 00050000 fc:00 661616     /usr/lib/i386-linux-gnu/libgobject-2.0.so.0.4002.0
8f69c000-8f819000 r-xp 00000000 fc:00 661618     /usr/lib/i386-linux-gnu/libgio-2.0.so.0.4002.0
8f819000-8f81b000 r--p 0017d000 fc:00 661618     /usr/lib/i386-linux-gnu/libgio-2.0.so.0.4002.0
8f81b000-8f81c000 rw-p 0017f000 fc:00 661618     /usr/lib/i386-linux-gnu/libgio-2.0.so.0.4002.0
8f81c000-8f81d000 rw-p 00000000 00:00 0 
8f81d000-8f856000 r-xp 00000000 fc:00 657753     /usr/lib/i386-linux-gnu/libfontconfig.so.1.8.0
8f856000-8f857000 r--p 00039000 fc:00 657753     /usr/lib/i386-linux-gnu/libfontconfig.so.1.8.0
8f857000-8f858000 rw-p 0003a000 fc:00 657753     /usr/lib/i386-linux-gnu/libfontconfig.so.1.8.0
8f858000-8f8bf000 r-xp 00000000 fc:00 685986     /usr/lib/i386-linux-gnu/libcups.so.2
8f8bf000-8f8c0000 ---p 00067000 fc:00 685986     /usr/lib/i386-linux-gnu/libcups.so.2
8f8c0000-8f8c4000 r--p 00067000 fc:00 685986     /usr/lib/i386-linux-gnu/libcups.so.2
8f8c4000-8f8c5000 rw-p 0006b000 fc:00 685986     /usr/lib/i386-linux-gnu/libcups.so.2
8f8c5000-8f8d4000 r-xp 00000000 fc:00 660182     /usr/lib/i386-linux-gnu/libXi.so.6.1.0
8f8d4000-8f8d5000 r--p 0000e000 fc:00 660182     /usr/lib/i386-linux-gnu/libXi.so.6.1.0
8f8d5000-8f8d6000 rw-p 0000f000 fc:00 660182     /usr/lib/i386-linux-gnu/libXi.so.6.1.0
8f8d6000-8f8db000 r-xp 00000000 fc:00 660202     /usr/lib/i386-linux-gnu/libXtst.so.6.1.0
8f8db000-8f8dc000 r--p 00004000 fc:00 660202     /usr/lib/i386-linux-gnu/libXtst.so.6.1.0
8f8dc000-8f8dd000 rw-p 00005000 fc:00 660202     /usr/lib/i386-linux-gnu/libXtst.so.6.1.0
8f8dd000-8fa0d000 r-xp 00000000 fc:00 660157     /usr/lib/i386-linux-gnu/libX11.so.6.3.0
8fa0d000-8fa0e000 r--p 00130000 fc:00 660157     /usr/lib/i386-linux-gnu/libX11.so.6.3.0
8fa0e000-8fa10000 rw-p 00131000 fc:00 660157     /usr/lib/i386-linux-gnu/libX11.so.6.3.0
8fa10000-8fa11000 rw-p 00000000 00:00 0 
8fa11000-8fa59000 r-xp 00000000 fc:00 135015     /usr/lib/jvm/java-7-openjdk-i386/jre/lib/i386/xawt/libmawt.so
8fa59000-8fa5a000 r--p 00047000 fc:00 135015     /usr/lib/jvm/java-7-openjdk-i386/jre/lib/i386/xawt/libmawt.so
8fa5a000-8fa5c000 rw-p 00048000 fc:00 135015     /usr/lib/jvm/java-7-openjdk-i386/jre/lib/i386/xawt/libmawt.so
8fa5c000-8fa5d000 rw-p 00000000 00:00 0 
8fa5d000-8faec000 r-xp 00000000 fc:00 136090     /usr/lib/jvm/java-7-openjdk-i386/jre/lib/i386/libawt.so
8faec000-8faed000 r--p 0008f000 fc:00 136090     /usr/lib/jvm/java-7-openjdk-i386/jre/lib/i386/libawt.so
8faed000-8faf4000 rw-p 00090000 fc:00 136090     /usr/lib/jvm/java-7-openjdk-i386/jre/lib/i386/libawt.so
8faf4000-8fb18000 rw-p 00000000 00:00 0 
8fb18000-8fb19000 ---p 00000000 00:00 0 
8fb19000-8fb99000 rw-p 00000000 00:00 0          [stack:2843]
8fb99000-8fb9c000 ---p 00000000 00:00 0 
8fb9c000-8fbea000 rw-p 00000000 00:00 0          [stack:2842]
8fbea000-8fbed000 ---p 00000000 00:00 0 
8fbed000-8fc6b000 rw-p 00000000 00:00 0          [stack:2841]
8fc6b000-8fc6e000 ---p 00000000 00:00 0 
8fc6e000-8fcbc000 rw-p 00000000 00:00 0          [stack:2839]
8fcbc000-8fcbf000 ---p 00000000 00:00 0 
8fcbf000-8fd0d000 rw-p 00000000 00:00 0          [stack:2838]
8fd0d000-8fd10000 ---p 00000000 00:00 0 
8fd10000-8fd5e000 rw-p 00000000 00:00 0          [stack:2835]
8fd5e000-8fd61000 ---p 00000000 00:00 0 
8fd61000-8fdaf000 rw-p 00000000 00:00 0          [stack:2833]
8fdaf000-8fdb2000 ---p 00000000 00:00 0 
8fdb2000-8fe00000 rw-p 00000000 00:00 0          [stack:2831]
8fe00000-8fe45000 rw-p 00000000 00:00 0 
8fe45000-8ff00000 ---p 00000000 00:00 0 
8ff01000-8ff02000 rw-p 00000000 00:00 0 
8ff02000-8ff0b000 r-xp 00000000 fc:00 660196     /usr/lib/i386-linux-gnu/libXrender.so.1.3.0
8ff0b000-8ff0c000 r--p 00008000 fc:00 660196     /usr/lib/i386-linux-gnu/libXrender.so.1.3.0
8ff0c000-8ff0d000 rw-p 00009000 fc:00 660196     /usr/lib/i386-linux-gnu/libXrender.so.1.3.0
8ff0d000-8ff10000 ---p 00000000 00:00 0 
8ff10000-8ff5e000 rw-p 00000000 00:00 0          [stack:2830]
8ff5e000-8ff5f000 ---p 00000000 00:00 0 
8ff5f000-90028000 rw-p 00000000 00:00 0          [stack:2829]
90028000-901d9000 r--s 01d23000 fc:00 680397     /usr/lib/jvm/java-7-openjdk-i386/jre/lib/rt.jar
901d9000-9023a000 rw-p 00000000 00:00 0 
9023a000-902df000 rw-p 00000000 00:00 0 
902df000-902e2000 rw-p 00000000 00:00 0 
902e2000-90334000 rw-p 00000000 00:00 0 
90334000-9033a000 rw-p 00000000 00:00 0 
9033a000-903df000 rw-p 00000000 00:00 0 
903df000-903e6000 rw-p 00000000 00:00 0 
903e6000-903ff000 rw-p 00000000 00:00 0 
903ff000-90950000 rw-p 00000000 00:00 0 
90950000-9aea0000 rw-p 00000000 00:00 0 
9aea0000-9b950000 rw-p 00000000 00:00 0 
9b950000-b0400000 rw-p 00000000 00:00 0 
b0400000-b10c0000 rw-p 00000000 00:00 0 
b10c0000-b4400000 rw-p 00000000 00:00 0 
b4400000-b4411000 r-xp 00000000 fc:00 660174     /usr/lib/i386-linux-gnu/libXext.so.6.4.0
b4411000-b4412000 r--p 00010000 fc:00 660174     /usr/lib/i386-linux-gnu/libXext.so.6.4.0
b4412000-b4413000 rw-p 00011000 fc:00 660174     /usr/lib/i386-linux-gnu/libXext.so.6.4.0
b4413000-b4414000 rw-p 00000000 00:00 0 
b4414000-b4416000 r--s 0000c000 fc:00 788090     /home/ssnyder/Desktop/eclipse/plugins/org.hamcrest.core_1.3.0.v201303031735.jar
b4416000-b441a000 r-xp 00000000 fc:00 660176     /usr/lib/i386-linux-gnu/libXfixes.so.3.1.0
b441a000-b441b000 r--p 00003000 fc:00 660176     /usr/lib/i386-linux-gnu/libXfixes.so.3.1.0
b441b000-b441c000 rw-p 00004000 fc:00 660176     /usr/lib/i386-linux-gnu/libXfixes.so.3.1.0
b441c000-b4425000 r--s 000b9000 fc:00 680396     /usr/lib/jvm/java-7-openjdk-i386/jre/lib/resources.jar
b4425000-b4428000 r--s 00086000 fc:00 136281     /usr/lib/jvm/java-7-openjdk-i386/jre/lib/ext/localedata.jar
b4428000-b442b000 r--s 0000f000 fc:00 136282     /usr/lib/jvm/java-7-openjdk-i386/jre/lib/ext/icedtea-sound.jar
b442b000-b442d000 r--s 00006000 fc:00 26692      /usr/share/java/java-atk-wrapper.jar
b442d000-b4431000 r--s 0003c000 fc:00 136286     /usr/lib/jvm/java-7-openjdk-i386/jre/lib/ext/sunpkcs11.jar
b4431000-b4433000 r--s 00012000 fc:00 136283     /usr/lib/jvm/java-7-openjdk-i386/jre/lib/ext/zipfs.jar
b4433000-b4437000 r-xp 00000000 fc:00 136095     /usr/lib/jvm/java-7-openjdk-i386/jre/lib/i386/libdt_socket.so
b4437000-b4438000 r--p 00003000 fc:00 136095     /usr/lib/jvm/java-7-openjdk-i386/jre/lib/i386/libdt_socket.so
b4438000-b4439000 rw-p 00004000 fc:00 136095     /usr/lib/jvm/java-7-openjdk-i386/jre/lib/i386/libdt_socket.so
b4439000-b4440000 rw-p 00000000 00:00 0 
b4440000-b445a000 rw-p 00000000 00:00 0 
b445a000-b445f000 rw-p 00000000 00:00 0 
b445f000-b44da000 rw-p 00000000 00:00 0 
b44da000-b45fa000 rwxp 00000000 00:00 0 
b45fa000-b64da000 rw-p 00000000 00:00 0 
b64da000-b64e5000 r-xp 00000000 fc:00 167875     /lib/i386-linux-gnu/libnss_files-2.19.so
b64e5000-b64e6000 r--p 0000a000 fc:00 167875     /lib/i386-linux-gnu/libnss_files-2.19.so
b64e6000-b64e7000 rw-p 0000b000 fc:00 167875     /lib/i386-linux-gnu/libnss_files-2.19.so
b64e7000-b64fc000 r-xp 00000000 fc:00 167862     /lib/i386-linux-gnu/libnsl-2.19.so
b64fc000-b64fd000 r--p 00015000 fc:00 167862     /lib/i386-linux-gnu/libnsl-2.19.so
b64fd000-b64fe000 rw-p 00016000 fc:00 167862     /lib/i386-linux-gnu/libnsl-2.19.so
b64fe000-b6500000 rw-p 00000000 00:00 0 
b6500000-b6700000 r--p 00000000 fc:00 663035     /usr/lib/locale/locale-archive
b6700000-b67ff000 rw-p 00000000 00:00 0 
b67ff000-b6800000 ---p 00000000 00:00 0 
b6800000-b6801000 r--s 00002000 fc:00 136280     /usr/lib/jvm/java-7-openjdk-i386/jre/lib/ext/dnsns.jar
b6801000-b6805000 r--s 00034000 fc:00 136285     /usr/lib/jvm/java-7-openjdk-i386/jre/lib/ext/sunjce_provider.jar
b6805000-b680f000 r-xp 00000000 fc:00 167857     /lib/i386-linux-gnu/libnss_nis-2.19.so
b680f000-b6810000 r--p 00009000 fc:00 167857     /lib/i386-linux-gnu/libnss_nis-2.19.so
b6810000-b6811000 rw-p 0000a000 fc:00 167857     /lib/i386-linux-gnu/libnss_nis-2.19.so
b6811000-b6818000 r-xp 00000000 fc:00 167867     /lib/i386-linux-gnu/libnss_compat-2.19.so
b6818000-b6819000 r--p 00006000 fc:00 167867     /lib/i386-linux-gnu/libnss_compat-2.19.so
b6819000-b681a000 rw-p 00007000 fc:00 167867     /lib/i386-linux-gnu/libnss_compat-2.19.so
b681a000-b6822000 r-xp 00000000 fc:00 136104     /usr/lib/jvm/java-7-openjdk-i386/jre/lib/i386/libzip.so
b6822000-b6823000 r--p 00007000 fc:00 136104     /usr/lib/jvm/java-7-openjdk-i386/jre/lib/i386/libzip.so
b6823000-b6824000 rw-p 00008000 fc:00 136104     /usr/lib/jvm/java-7-openjdk-i386/jre/lib/i386/libzip.so
b6824000-b682c000 rw-s 00000000 fc:00 673312     /tmp/hsperfdata_ssnyder/2822
b682c000-b682d000 r--p 0059a000 fc:00 663035     /usr/lib/locale/locale-archive
b682d000-b686c000 r--p 00277000 fc:00 663035     /usr/lib/locale/locale-archive
b686c000-b686f000 r-xp 00000000 fc:00 136100     /usr/lib/jvm/java-7-openjdk-i386/jre/lib/i386/libnpt.so
b686f000-b6870000 r--p 00002000 fc:00 136100     /usr/lib/jvm/java-7-openjdk-i386/jre/lib/i386/libnpt.so
b6870000-b6871000 rw-p 00003000 fc:00 136100     /usr/lib/jvm/java-7-openjdk-i386/jre/lib/i386/libnpt.so
b6871000-b68af000 r-xp 00000000 fc:00 136098     /usr/lib/jvm/java-7-openjdk-i386/jre/lib/i386/libjdwp.so
b68af000-b68b0000 r--p 0003d000 fc:00 136098     /usr/lib/jvm/java-7-openjdk-i386/jre/lib/i386/libjdwp.so
b68b0000-b68b1000 rw-p 0003e000 fc:00 136098     /usr/lib/jvm/java-7-openjdk-i386/jre/lib/i386/libjdwp.so
b68b1000-b68d8000 r-xp 00000000 fc:00 136091     /usr/lib/jvm/java-7-openjdk-i386/jre/lib/i386/libjava.so
b68d8000-b68d9000 r--p 00026000 fc:00 136091     /usr/lib/jvm/java-7-openjdk-i386/jre/lib/i386/libjava.so
b68d9000-b68da000 rw-p 00027000 fc:00 136091     /usr/lib/jvm/java-7-openjdk-i386/jre/lib/i386/libjava.so
b68da000-b68e1000 r-xp 00000000 fc:00 167876     /lib/i386-linux-gnu/librt-2.19.so
b68e1000-b68e2000 r--p 00006000 fc:00 167876     /lib/i386-linux-gnu/librt-2.19.so
b68e2000-b68e3000 rw-p 00007000 fc:00 167876     /lib/i386-linux-gnu/librt-2.19.so
b68e3000-b68e6000 ---p 00000000 00:00 0 
b68e6000-b6934000 rw-p 00000000 00:00 0          [stack:2823]
b6934000-b6950000 r-xp 00000000 fc:00 133638     /lib/i386-linux-gnu/libgcc_s.so.1
b6950000-b6951000 rw-p 0001b000 fc:00 133638     /lib/i386-linux-gnu/libgcc_s.so.1
b6951000-b6995000 r-xp 00000000 fc:00 167866     /lib/i386-linux-gnu/libm-2.19.so
b6995000-b6996000 r--p 00043000 fc:00 167866     /lib/i386-linux-gnu/libm-2.19.so
b6996000-b6997000 rw-p 00044000 fc:00 167866     /lib/i386-linux-gnu/libm-2.19.so
b6997000-b6a73000 r-xp 00000000 fc:00 660974     /usr/lib/i386-linux-gnu/libstdc++.so.6.0.19
b6a73000-b6a74000 ---p 000dc000 fc:00 660974     /usr/lib/i386-linux-gnu/libstdc++.so.6.0.19
b6a74000-b6a78000 r--p 000dc000 fc:00 660974     /usr/lib/i386-linux-gnu/libstdc++.so.6.0.19
b6a78000-b6a79000 rw-p 000e0000 fc:00 660974     /usr/lib/i386-linux-gnu/libstdc++.so.6.0.19
b6a79000-b6a80000 rw-p 00000000 00:00 0 
b6a80000-b70aa000 r-xp 00000000 fc:00 136131     /usr/lib/jvm/java-7-openjdk-i386/jre/lib/i386/client/libjvm.so
b70aa000-b70ab000 ---p 0062a000 fc:00 136131     /usr/lib/jvm/java-7-openjdk-i386/jre/lib/i386/client/libjvm.so
b70ab000-b70c1000 r--p 0062a000 fc:00 136131     /usr/lib/jvm/java-7-openjdk-i386/jre/lib/i386/client/libjvm.so
b70c1000-b70d0000 rw-p 00640000 fc:00 136131     /usr/lib/jvm/java-7-openjdk-i386/jre/lib/i386/client/libjvm.so
b70d0000-b74eb000 rw-p 00000000 00:00 0 
b74eb000-b7503000 r-xp 00000000 fc:00 134760     /lib/i386-linux-gnu/libz.so.1.2.8
b7503000-b7504000 r--p 00017000 fc:00 134760     /lib/i386-linux-gnu/libz.so.1.2.8
b7504000-b7505000 rw-p 00018000 fc:00 134760     /lib/i386-linux-gnu/libz.so.1.2.8
b7505000-b751d000 r-xp 00000000 fc:00 167871     /lib/i386-linux-gnu/libpthread-2.19.so
b751d000-b751e000 r--p 00018000 fc:00 167871     /lib/i386-linux-gnu/libpthread-2.19.so
b751e000-b751f000 rw-p 00019000 fc:00 167871     /lib/i386-linux-gnu/libpthread-2.19.so
b751f000-b7521000 rw-p 00000000 00:00 0 
b7521000-b7524000 r-xp 00000000 fc:00 167760     /lib/i386-linux-gnu/libdl-2.19.so
b7524000-b7525000 r--p 00002000 fc:00 167760     /lib/i386-linux-gnu/libdl-2.19.so
b7525000-b7526000 rw-p 00003000 fc:00 167760     /lib/i386-linux-gnu/libdl-2.19.so
b7526000-b76ce000 r-xp 00000000 fc:00 167759     /lib/i386-linux-gnu/libc-2.19.so
b76ce000-b76d0000 r--p 001a8000 fc:00 167759     /lib/i386-linux-gnu/libc-2.19.so
b76d0000-b76d1000 rw-p 001aa000 fc:00 167759     /lib/i386-linux-gnu/libc-2.19.so
b76d1000-b76d5000 rw-p 00000000 00:00 0 
b76d5000-b76d6000 r--p 00000000 00:00 0 
b76d6000-b76e4000 r-xp 00000000 fc:00 136103     /usr/lib/jvm/java-7-openjdk-i386/jre/lib/i386/libverify.so
b76e4000-b76e5000 r--p 0000d000 fc:00 136103     /usr/lib/jvm/java-7-openjdk-i386/jre/lib/i386/libverify.so
b76e5000-b76e6000 rw-p 0000e000 fc:00 136103     /usr/lib/jvm/java-7-openjdk-i386/jre/lib/i386/libverify.so
b76e6000-b76f2000 r-xp 00000000 fc:00 136093     /usr/lib/jvm/java-7-openjdk-i386/jre/lib/i386/jli/libjli.so
b76f2000-b76f3000 r--p 0000c000 fc:00 136093     /usr/lib/jvm/java-7-openjdk-i386/jre/lib/i386/jli/libjli.so
b76f3000-b76f4000 rw-p 0000d000 fc:00 136093     /usr/lib/jvm/java-7-openjdk-i386/jre/lib/i386/jli/libjli.so
b76f4000-b76f7000 rw-p 00000000 00:00 0 
b76f7000-b76f8000 r-xp 00000000 00:00 0          [vdso]
b76f8000-b7718000 r-xp 00000000 fc:00 167788     /lib/i386-linux-gnu/ld-2.19.so
b7718000-b7719000 r--p 0001f000 fc:00 167788     /lib/i386-linux-gnu/ld-2.19.so
b7719000-b771a000 rw-p 00020000 fc:00 167788     /lib/i386-linux-gnu/ld-2.19.so
bf9d7000-bf9d8000 rwxp 00000000 00:00 0 
bfa0a000-bfa2b000 rw-p 00000000 00:00 0          [stack]

VM Arguments:
jvm_args: -agentlib:jdwp=transport=dt_socket,suspend=y,address=localhost:38536 -Dfile.encoding=UTF-8 
java_command: client.recordIndexerGUI.RecordIndexer localhost 8080
Launcher Type: SUN_STANDARD

Environment Variables:
PATH=/usr/local/sbin:/usr/local/bin:/usr/sbin:/usr/bin:/sbin:/bin:/usr/games:/usr/local/games
LD_LIBRARY_PATH=/usr/lib/jvm/java-7-openjdk-i386/jre/lib/i386/client:/usr/lib/jvm/java-7-openjdk-i386/jre/lib/i386:
SHELL=/bin/bash
DISPLAY=:0.0

Signal Handlers:
SIGSEGV: [libjvm.so+0x4e6c30], sa_mask[0]=0x7ffbfeff, sa_flags=0x10000004
SIGBUS: [libjvm.so+0x4e6c30], sa_mask[0]=0x7ffbfeff, sa_flags=0x10000004
SIGFPE: [libjvm.so+0x3c5720], sa_mask[0]=0x7ffbfeff, sa_flags=0x10000004
SIGPIPE: [libjvm.so+0x3c5720], sa_mask[0]=0x7ffbfeff, sa_flags=0x10000004
SIGXFSZ: [libjvm.so+0x3c5720], sa_mask[0]=0x7ffbfeff, sa_flags=0x10000004
SIGILL: [libjvm.so+0x3c5720], sa_mask[0]=0x7ffbfeff, sa_flags=0x10000004
SIGUSR1: SIG_DFL, sa_mask[0]=0x00000000, sa_flags=0x00000000
SIGUSR2: [libjvm.so+0x3c55b0], sa_mask[0]=0x00000004, sa_flags=0x10000004
SIGHUP: [libjvm.so+0x3c57e0], sa_mask[0]=0x7ffbfeff, sa_flags=0x10000004
SIGINT: [libjvm.so+0x3c57e0], sa_mask[0]=0x7ffbfeff, sa_flags=0x10000004
SIGTERM: [libjvm.so+0x3c57e0], sa_mask[0]=0x7ffbfeff, sa_flags=0x10000004
SIGQUIT: [libjvm.so+0x3c57e0], sa_mask[0]=0x7ffbfeff, sa_flags=0x10000004
SIGTRAP: SIG_DFL, sa_mask[0]=0x00000000, sa_flags=0x00000000


---------------  S Y S T E M  ---------------

OS:Ubuntu 14.04 (trusty)
uname:Linux 3.13.0-48-generic #80-Ubuntu SMP Thu Mar 12 11:16:18 UTC 2015 i686
libc:glibc 2.19 NPTL 2.19 
rlimit: STACK 8192k, CORE 0k, NPROC 15970, NOFILE 4096, AS infinity
load average:0.25 0.23 0.17

/proc/meminfo:
MemTotal:        2064276 kB
MemFree:         1087712 kB
Buffers:           57920 kB
Cached:           367960 kB
SwapCached:            0 kB
Active:           645680 kB
Inactive:         287796 kB
Active(anon):     508332 kB
Inactive(anon):     2996 kB
Active(file):     137348 kB
Inactive(file):   284800 kB
Unevictable:           0 kB
Mlocked:               0 kB
HighTotal:       1183688 kB
HighFree:         636624 kB
LowTotal:         880588 kB
LowFree:          451088 kB
SwapTotal:       2093052 kB
SwapFree:        2093052 kB
Dirty:              1148 kB
Writeback:             0 kB
AnonPages:        507604 kB
Mapped:            80020 kB
Shmem:              3736 kB
Slab:              24432 kB
SReclaimable:      14472 kB
SUnreclaim:         9960 kB
KernelStack:        2480 kB
PageTables:         5680 kB
NFS_Unstable:          0 kB
Bounce:                0 kB
WritebackTmp:          0 kB
CommitLimit:     3125188 kB
Committed_AS:    1567632 kB
VmallocTotal:     122880 kB
VmallocUsed:       29452 kB
VmallocChunk:      89580 kB
HardwareCorrupted:     0 kB
AnonHugePages:    339968 kB
HugePages_Total:       0
HugePages_Free:        0
HugePages_Rsvd:        0
HugePages_Surp:        0
Hugepagesize:       2048 kB
DirectMap4k:       16376 kB
DirectMap2M:      897024 kB


CPU:total 1 (1 cores per cpu, 1 threads per core) family 6 model 58 stepping 9, cmov, cx8, fxsr, mmx, sse, sse2, sse3, ssse3, tsc

/proc/cpuinfo:
processor	: 0
vendor_id	: GenuineIntel
cpu family	: 6
model		: 58
model name	: Intel(R) Core(TM) i5-3230M CPU @ 2.60GHz
stepping	: 9
cpu MHz		: 2510.080
cache size	: 6144 KB
physical id	: 0
siblings	: 1
core id		: 0
cpu cores	: 1
apicid		: 0
initial apicid	: 0
fdiv_bug	: no
f00f_bug	: no
coma_bug	: no
fpu		: yes
fpu_exception	: yes
cpuid level	: 5
wp		: yes
flags		: fpu vme de pse tsc msr pae mce cx8 apic sep mtrr pge mca cmov pat pse36 clflush mmx fxsr sse sse2 syscall nx rdtscp lm constant_tsc pni monitor ssse3 lahf_lm
bogomips	: 5020.16
clflush size	: 64
cache_alignment	: 64
address sizes	: 36 bits physical, 48 bits virtual
power management:



Memory: 4k page, physical 2064276k(1087712k free), swap 2093052k(2093052k free)

vm_info: OpenJDK Client VM (24.75-b04) for linux-x86 JRE (1.7.0_75-b13), built on Jan 27 2015 00:43:58 by "buildd" with gcc 4.8.2

time: Thu Apr  2 15:47:45 2015
elapsed time: 41 seconds

