Build started 10/30/2013 11:53:07 AM.
     1>Project "C:\Users\Owner\Documents\Visual Studio 2010\Projects\Lab 7\Lab 7\Lab 7.vcxproj" on node 2 (build target(s)).
     1>InitializeBuildStatus:
         Creating "Debug\Lab 7.unsuccessfulbuild" because "AlwaysCreate" was specified.
       ClCompile:
         c:\Program Files (x86)\Microsoft Visual Studio 10.0\VC\bin\CL.exe /c /ZI /nologo /W3 /WX- /Od /Oy- /D _MBCS /Gm /EHsc /RTC1 /MDd /GS /fp:precise /Zc:wchar_t /Zc:forScope /Fo"Debug\\" /Fd"Debug\vc100.pdb" /Gd /TP /analyze- /errorReport:prompt "Lab 7.cpp"
         Lab 7.cpp
     1>c:\users\owner\documents\visual studio 2010\projects\lab 7\lab 7\lab 7.cpp(104): warning C4101: 'position' : unreferenced local variable
       Link:
         c:\Program Files (x86)\Microsoft Visual Studio 10.0\VC\bin\link.exe /ERRORREPORT:PROMPT /OUT:"C:\Users\Owner\Documents\Visual Studio 2010\Projects\Lab 7\Debug\Lab 7.exe" /NOLOGO kernel32.lib user32.lib gdi32.lib winspool.lib comdlg32.lib advapi32.lib shell32.lib ole32.lib oleaut32.lib uuid.lib odbc32.lib odbccp32.lib /MANIFEST /ManifestFile:"Debug\Lab 7.exe.intermediate.manifest" /MANIFESTUAC:"level='asInvoker' uiAccess='false'" /DEBUG /PDB:"C:\Users\Owner\Documents\Visual Studio 2010\Projects\Lab 7\Debug\Lab 7.pdb" /TLBID:1 /DYNAMICBASE /NXCOMPAT /IMPLIB:"C:\Users\Owner\Documents\Visual Studio 2010\Projects\Lab 7\Debug\Lab 7.lib" /MACHINE:X86 "Debug\Lab 7.obj"
         LINK : C:\Users\Owner\Documents\Visual Studio 2010\Projects\Lab 7\Debug\Lab 7.exe not found or not built by the last incremental link; performing full link
         Lab 7.vcxproj -> C:\Users\Owner\Documents\Visual Studio 2010\Projects\Lab 7\Debug\Lab 7.exe
       Manifest:
         C:\Program Files (x86)\Microsoft SDKs\Windows\v7.0A\bin\mt.exe /nologo /verbose /outputresource:"C:\Users\Owner\Documents\Visual Studio 2010\Projects\Lab 7\Debug\Lab 7.exe;#1" /manifest "Debug\Lab 7.exe.intermediate.manifest"
       FinalizeBuildStatus:
         Deleting file "Debug\Lab 7.unsuccessfulbuild".
         Touching "Debug\Lab 7.lastbuildstate".
     1>Done Building Project "C:\Users\Owner\Documents\Visual Studio 2010\Projects\Lab 7\Lab 7\Lab 7.vcxproj" (build target(s)).

Build succeeded.

Time Elapsed 00:00:02.65
